
<BOL>
[2018-11-04 20:49:45][FYI] Binary: ../APPHistInitForCLIENT, Version: 2.0U
[2018-11-04 20:49:45][FYI] DB2 Connection Property File: ./DB.cntrl
[2018-11-04 20:49:45][FYI] APPHistInitForCLIENT Log: ../Log/APPHistInitForCLIENT.log
[2018-11-04 20:49:45][FYI] Work File Folder: ./Work/
[2018-11-04 20:49:45][FYI] Schemas List File: ../APPHistInitForCLIENT.Schemas.txt
[2018-11-04 20:49:45][FYI] File with list of tables to be excluded: ./APPHistInitForCLIENT.Exclude.txt
[2018-11-04 20:49:45][DBG] SQLAllocHandle(void constructor).
[2018-11-04 20:49:45][DBG] Set SQLSetEnvAttr(ODBC Version 3.x).
[2018-11-04 20:49:45][DBG] Connecting to 'MYDB2DB' User 'mydb2id'.
[2018-11-04 20:49:45][DBG] Setting Debug Mode to 'FALSE'
[2018-11-04 20:49:45][FYI] Number of Exclude Tables 000
[2018-11-04 20:49:45][FYI] Schema List: 'APP', 'APPPUB'
[2018-11-04 20:49:45][FYI] Number of Candidate Tables 064
[2018-11-04 20:49:45][FYI] Candidate Table 001: APP.TEMP_DATA_HISTORY_CURR_CYL_DATA
[2018-11-04 20:49:45][FYI] Candidate Table 002: APP.T_EXPENSE_RATIO_HISTORY
[2018-11-04 20:49:45][FYI] Candidate Table 003: APP.T_INVESTMENT_BENCHMARK_HISTORY
[2018-11-04 20:49:45][FYI] Candidate Table 004: APP.T_MASTER_ASSET_CLASS_BENCHMARK_HISTORY
[2018-11-04 20:49:45][FYI] Candidate Table 005: APP.T_MASTER_BENCHMARK_COMMENT_HISTORY
[2018-11-04 20:49:45][FYI] Candidate Table 006: APP.T_MASTER_BENCHMARK_DIRECT_LICENSE_AGREEMENT_TYPE_HISTORY
[2018-11-04 20:49:45][FYI] Candidate Table 007: APP.T_MASTER_BENCHMARK_DISTRIBUTION_DATA_TYPE_HISTORY
[2018-11-04 20:49:45][FYI] Candidate Table 008: APP.T_MASTER_BENCHMARK_DISTRIBUTION_DELIVERY_METHOD_HISTORY
[2018-11-04 20:49:45][FYI] Candidate Table 009: APP.T_MASTER_BENCHMARK_DISTRIBUTION_FORMAT_HISTORY
[2018-11-04 20:49:45][FYI] Candidate Table 010: APP.T_MASTER_BENCHMARK_DISTRIBUTION_LICENSE_AGREEMENT_TYPE_HISTORY
[2018-11-04 20:49:45][FYI] Candidate Table 011: APP.T_MASTER_BENCHMARK_HISTORY
[2018-11-04 20:49:45][FYI] Candidate Table 012: APP.T_MASTER_BLENDED_BENCHMARK_HISTORY
[2018-11-04 20:49:45][FYI] Candidate Table 013: APP.T_MASTER_INVESTMENT_AVAILABILITY_HISTORY
[2018-11-04 20:49:45][FYI] Candidate Table 014: APP.T_MASTER_INVESTMENT_BENCHMARK_HISTORY
[2018-11-04 20:49:45][FYI] Candidate Table 015: APP.T_MASTER_INVESTMENT_CADIS_ID_XREF_HISTORY
[2018-11-04 20:49:45][FYI] Candidate Table 016: APP.T_MASTER_INVESTMENT_CUSTODIAN_HISTORY
[2018-11-04 20:49:45][FYI] Candidate Table 017: APP.T_MASTER_INVESTMENT_DATA_HISTORY
[2018-11-04 20:49:45][FYI] Candidate Table 018: APP.T_MASTER_INVESTMENT_DATA_HISTORY_TEST
[2018-11-04 20:49:45][FYI] Candidate Table 019: APP.T_MASTER_INVESTMENT_FEE_HISTORY
[2018-11-04 20:49:45][FYI] Candidate Table 020: APP.T_MASTER_INVESTMENT_FEE_PAYOR_HISTORY
[2018-11-04 20:49:45][FYI] Candidate Table 021: APP.T_MASTER_INVESTMENT_FOREIGN_COUNTRY_HISTORY
[2018-11-04 20:49:45][FYI] Candidate Table 022: APP.T_MASTER_INVESTMENT_GIA_HISTORY
[2018-11-04 20:49:45][FYI] Candidate Table 023: APP.T_MASTER_INVESTMENT_GROUP_HISTORY
[2018-11-04 20:49:45][FYI] Candidate Table 024: APP.T_MASTER_INVESTMENT_APP_PRICE_ID_XREF_HISTORY
[2018-11-04 20:49:45][FYI] Candidate Table 025: APP.T_MASTER_INVESTMENT_IRS_PLAN_TYPE_AVAILABILITY_HISTORY
[2018-11-04 20:49:45][FYI] Candidate Table 026: APP.T_MASTER_INVESTMENT_MANAGER_HISTORY
[2018-11-04 20:49:45][FYI] Candidate Table 027: APP.T_MASTER_INVESTMENT_NOTES_HISTORY
[2018-11-04 20:49:45][FYI] Candidate Table 028: APP.T_MASTER_INVESTMENT_PRICE_STRUCTURE_HISTORY
[2018-11-04 20:49:45][FYI] Candidate Table 029: APP.T_MASTER_INVESTMENT_PRICE_SUB_FEES_HISTORY
[2018-11-04 20:49:45][FYI] Candidate Table 030: APP.T_MASTER_INVESTMENT_PURCHASE_BLOCKING_HISTORY
[2018-11-04 20:49:45][FYI] Candidate Table 031: APP.T_MASTER_INVESTMENT_REDEMPTION_FEE_HISTORY
[2018-11-04 20:49:45][FYI] Candidate Table 032: APP.T_MASTER_INVESTMENT_REVENUE_SHARE_FEE_HISTORY
[2018-11-04 20:49:45][FYI] Candidate Table 033: APP.T_MASTER_INVESTMENT_STATE_AVAILABILITY_HISTORY
[2018-11-04 20:49:45][FYI] Candidate Table 034: APP.T_MASTER_PROPRIETARY_FUND_OF_FUND_HISTORY
[2018-11-04 20:49:45][FYI] Candidate Table 035: APP.T_MASTER_PROPRIETARY_FUND_OF_FUND_PRICE_STRUCTURE_HISTORY
[2018-11-04 20:49:45][FYI] Candidate Table 036: APP.T_MASTER_RELATED_BENCHMARK_HISTORY
[2018-11-04 20:49:45][FYI] Candidate Table 037: APP.T_REF_USAGE_TYPE
[2018-11-04 20:49:45][FYI] Candidate Table 038: APPPUB.T_MASTER_ALLOCATION_BREAKDOWN
[2018-11-04 20:49:45][FYI] Candidate Table 039: APPPUB.T_MASTER_BENCHMARK_BOND_SECTOR_BREAKDOWN
[2018-11-04 20:49:45][FYI] Candidate Table 040: APPPUB.T_MASTER_BENCHMARK_CREDIT_QUALITY_BREAKDOWN
[2018-11-04 20:49:45][FYI] Candidate Table 041: APPPUB.T_MASTER_BENCHMARK_FOOTNOTE_DISCLOSURE
[2018-11-04 20:49:45][FYI] Candidate Table 042: APPPUB.T_MASTER_BENCHMARK_PORTFOLIO_STATISTIC
[2018-11-04 20:49:45][FYI] Candidate Table 043: APPPUB.T_MASTER_BENCHMARK_STOCK_SECTOR_BREAKDOWN
[2018-11-04 20:49:45][FYI] Candidate Table 044: APPPUB.T_MASTER_BOND_SECTOR_BREAKDOWN
[2018-11-04 20:49:45][FYI] Candidate Table 045: APPPUB.T_MASTER_COMMODITY_BREAKDOWN
[2018-11-04 20:49:45][FYI] Candidate Table 046: APPPUB.T_MASTER_COUNTRY_BREAKDOWN
[2018-11-04 20:49:45][FYI] Candidate Table 047: APPPUB.T_MASTER_CREDIT_QUALITY_BREAKDOWN
[2018-11-04 20:49:45][FYI] Candidate Table 048: APPPUB.T_MASTER_CREDIT_QUALITY_RATING_AGENCY
[2018-11-04 20:49:45][FYI] Candidate Table 049: APPPUB.T_MASTER_GEOGRAPHIC_BREAKDOWN
[2018-11-04 20:49:45][FYI] Candidate Table 050: APPPUB.T_MASTER_GIA_FOOTNOTE_DISCLOSURE
[2018-11-04 20:49:45][FYI] Candidate Table 051: APPPUB.T_MASTER_HOLDING_BREAKDOWN
[2018-11-04 20:49:45][FYI] Candidate Table 052: APPPUB.T_MASTER_HOLDING_SUMMARY
[2018-11-04 20:49:45][FYI] Candidate Table 053: APPPUB.T_MASTER_INVESTMENT_FUND_TYPE
[2018-11-04 20:49:45][FYI] Candidate Table 054: APPPUB.T_MASTER_INVESTMENT_MANAGED_ACCOUNT
[2018-11-04 20:49:45][FYI] Candidate Table 055: APPPUB.T_MASTER_INVESTMENT_PORTFOLIO_MANAGER
[2018-11-04 20:49:45][FYI] Candidate Table 056: APPPUB.T_MASTER_INVESTMENT_TEXT
[2018-11-04 20:49:45][FYI] Candidate Table 057: APPPUB.T_MASTER_MATURITY
[2018-11-04 20:49:45][FYI] Candidate Table 058: APPPUB.T_MASTER_MATURITY_BREAKDOWN
[2018-11-04 20:49:45][FYI] Candidate Table 059: APPPUB.T_MASTER_MSTAR_CATEGORY_STATISTIC
[2018-11-04 20:49:45][FYI] Candidate Table 060: APPPUB.T_MASTER_PERFORMANCE_IMPACT
[2018-11-04 20:49:45][FYI] Candidate Table 061: APPPUB.T_MASTER_PORTFOLIO_STATISTIC
[2018-11-04 20:49:45][FYI] Candidate Table 062: APPPUB.T_MASTER_PRICE_STRUCTURE_FOOTNOTE_DISCLOSURE
[2018-11-04 20:49:45][FYI] Candidate Table 063: APPPUB.T_MASTER_REGION_BREAKDOWN
[2018-11-04 20:49:45][FYI] Candidate Table 064: APPPUB.T_MASTER_STOCK_SECTOR_BREAKDOWN
[2018-11-04 20:49:45][FYI] Clear Old Work Sql Files, Command Return Value: 0
[2018-11-04 20:49:45][FYI] List of tables which were processed: ./Work/APPHistInitForCLIENT.TableList.txt
[2018-11-04 20:49:45][FYI] Processing Table 001 of 064: [APP].[TEMP_DATA_HISTORY_CURR_CYL_DATA]
[2018-11-04 20:49:45][FYI] Individual DDL File: ./Work/INIT_APP_FOR_CLIENT_HIST.APP.TEMP_DATA_HISTORY_CURR_CYL_DATA.sql
[2018-11-04 20:49:45][FYI] 	Column 001: CADIS_ID (Key.1)
[2018-11-04 20:49:45][FYI] 	Column 002: EFFECTIVE_DATE (Key.2)
[2018-11-04 20:49:45][FYI] 	Column 003: UPDATE_DATETIME (Key.3)
[2018-11-04 20:49:45][FYI] 	Column 004: UNIVERSAL_INVESTMENT_ID  
[2018-11-04 20:49:45][FYI] 	Column 005: LAST_ACTIVITY_OPERATOR_ID  
[2018-11-04 20:49:45][FYI] 	Column 006: LAST_ACTIVITY_DATETIME  
[2018-11-04 20:49:45][FYI] Processing Table 002 of 064: [APP].[T_EXPENSE_RATIO_HISTORY]
[2018-11-04 20:49:45][FYI] Individual DDL File: ./Work/INIT_APP_FOR_CLIENT_HIST.APP.T_EXPENSE_RATIO_HISTORY.sql
[2018-11-04 20:49:45][FYI] 	Column 001: APP_PRICE_ID (Key.1)
[2018-11-04 20:49:45][FYI] 	Column 002: EFFECTIVE_DATE (Key.2)
[2018-11-04 20:49:45][FYI] 	Column 003: GROSS_EXPENSE_RATIO_PERCENT  
[2018-11-04 20:49:45][FYI] 	Column 004: NET_EXPENSE_RATIO_PERCENT  
[2018-11-04 20:49:45][FYI] 	Column 005: CADIS_SYSTEM_INSERTED  
[2018-11-04 20:49:45][FYI] 	Column 006: CADIS_SYSTEM_UPDATED  
[2018-11-04 20:49:45][FYI] 	Column 007: CADIS_SYSTEM_CHANGEDBY  
[2018-11-04 20:49:45][FYI] 	Column 008: CADIS_SYSTEM_PRIORITY  
[2018-11-04 20:49:45][FYI] 	Column 009: LAST_ACTIVITY_OPERATOR_ID  
[2018-11-04 20:49:45][FYI] 	Column 010: LAST_ACTIVITY_DATETIME  
[2018-11-04 20:49:45][FYI] Processing Table 003 of 064: [APP].[T_INVESTMENT_BENCHMARK_HISTORY]
[2018-11-04 20:49:45][FYI] Individual DDL File: ./Work/INIT_APP_FOR_CLIENT_HIST.APP.T_INVESTMENT_BENCHMARK_HISTORY.sql
[2018-11-04 20:49:45][FYI] 	Column 001: CADIS_ID (Key.1)
[2018-11-04 20:49:45][FYI] 	Column 002: BENCHMARK_TYPE_ID (Key.2)
[2018-11-04 20:49:45][FYI] 	Column 003: EFFECTIVE_DATE (Key.3)
[2018-11-04 20:49:45][FYI] 	Column 004: UNIVERSAL_BENCHMARK_ID  
[2018-11-04 20:49:45][FYI] 	Column 005: CADIS_SYSTEM_INSERTED  
[2018-11-04 20:49:45][FYI] 	Column 006: CADIS_SYSTEM_UPDATED  
[2018-11-04 20:49:45][FYI] 	Column 007: CADIS_SYSTEM_CHANGEDBY  
[2018-11-04 20:49:45][FYI] 	Column 008: CADIS_SYSTEM_PRIORITY  
[2018-11-04 20:49:45][FYI] 	Column 009: LAST_ACTIVITY_OPERATOR_ID  
[2018-11-04 20:49:45][FYI] 	Column 010: LAST_ACTIVITY_DATETIME  
[2018-11-04 20:49:45][FYI] Processing Table 004 of 064: [APP].[T_MASTER_ASSET_CLASS_BENCHMARK_HISTORY]
[2018-11-04 20:49:45][FYI] Individual DDL File: ./Work/INIT_APP_FOR_CLIENT_HIST.APP.T_MASTER_ASSET_CLASS_BENCHMARK_HISTORY.sql
[2018-11-04 20:49:45][FYI] 	Column 001: ASSET_CLASS_RULE_GRID_ID (Key.1)
[2018-11-04 20:49:45][FYI] 	Column 002: BENCHMARK_TYPE_ID (Key.2)
[2018-11-04 20:49:45][FYI] 	Column 003: EFFECTIVE_DATE (Key.3)
[2018-11-04 20:49:45][FYI] 	Column 004: UPDATE_DATETIME (Key.4)
[2018-11-04 20:49:45][FYI] 	Column 005: UNIVERSAL_BENCHMARK_ID  
[2018-11-04 20:49:45][FYI] 	Column 006: END_DATE  
[2018-11-04 20:49:45][FYI] 	Column 007: CADIS_SYSTEM_INSERTED  
[2018-11-04 20:49:45][FYI] 	Column 008: CADIS_SYSTEM_UPDATED  
[2018-11-04 20:49:45][FYI] 	Column 009: CADIS_SYSTEM_CHANGEDBY  
[2018-11-04 20:49:45][FYI] 	Column 010: CADIS_SYSTEM_PRIORITY  
[2018-11-04 20:49:45][FYI] 	Column 011: CADIS_SYSTEM_LASTMODIFIED  
[2018-11-04 20:49:45][FYI] 	Column 012: LAST_ACTIVITY_OPERATOR_ID  
[2018-11-04 20:49:45][FYI] 	Column 013: LAST_ACTIVITY_DATETIME  
[2018-11-04 20:49:45][FYI] Processing Table 005 of 064: [APP].[T_MASTER_BENCHMARK_COMMENT_HISTORY]
[2018-11-04 20:49:45][FYI] Individual DDL File: ./Work/INIT_APP_FOR_CLIENT_HIST.APP.T_MASTER_BENCHMARK_COMMENT_HISTORY.sql
[2018-11-04 20:49:45][FYI] 	Column 001: UNIVERSAL_BENCHMARK_ID (Key.1)
[2018-11-04 20:49:45][FYI] 	Column 002: EFFECTIVE_DATE (Key.2)
[2018-11-04 20:49:45][FYI] 	Column 003: UPDATE_DATETIME (Key.3)
[2018-11-04 20:49:45][FYI] 	Column 004: COMMENT_TEXT  
[2018-11-04 20:49:45][FYI] 	Column 005: END_DATE  
[2018-11-04 20:49:45][FYI] 	Column 006: CADIS_SYSTEM_INSERTED  
[2018-11-04 20:49:45][FYI] 	Column 007: CADIS_SYSTEM_UPDATED  
[2018-11-04 20:49:45][FYI] 	Column 008: CADIS_SYSTEM_CHANGEDBY  
[2018-11-04 20:49:45][FYI] 	Column 009: CADIS_SYSTEM_PRIORITY  
[2018-11-04 20:49:45][FYI] 	Column 010: CADIS_SYSTEM_LASTMODIFIED  
[2018-11-04 20:49:45][FYI] 	Column 011: LAST_ACTIVITY_OPERATOR_ID  
[2018-11-04 20:49:45][FYI] 	Column 012: LAST_ACTIVITY_DATETIME  
[2018-11-04 20:49:45][FYI] Processing Table 006 of 064: [APP].[T_MASTER_BENCHMARK_DIRECT_LICENSE_AGREEMENT_TYPE_HISTORY]
[2018-11-04 20:49:45][FYI] Individual DDL File: ./Work/INIT_APP_FOR_CLIENT_HIST.APP.T_MASTER_BENCHMARK_DIRECT_LICENSE_AGREEMENT_TYPE_HISTORY.sql
[2018-11-04 20:49:45][FYI] 	Column 001: UNIVERSAL_BENCHMARK_ID (Key.1)
[2018-11-04 20:49:45][FYI] 	Column 002: DIRECT_LICENSE_AGREEMENT_TYPE_ID (Key.2)
[2018-11-04 20:49:45][FYI] 	Column 003: EFFECTIVE_DATE (Key.3)
[2018-11-04 20:49:45][FYI] 	Column 004: UPDATE_DATETIME (Key.4)
[2018-11-04 20:49:45][FYI] 	Column 005: END_DATE  
[2018-11-04 20:49:45][FYI] 	Column 006: CADIS_SYSTEM_INSERTED  
[2018-11-04 20:49:45][FYI] 	Column 007: CADIS_SYSTEM_UPDATED  
[2018-11-04 20:49:45][FYI] 	Column 008: CADIS_SYSTEM_CHANGEDBY  
[2018-11-04 20:49:45][FYI] 	Column 009: CADIS_SYSTEM_PRIORITY  
[2018-11-04 20:49:45][FYI] 	Column 010: CADIS_SYSTEM_LASTMODIFIED  
[2018-11-04 20:49:45][FYI] 	Column 011: LAST_ACTIVITY_OPERATOR_ID  
[2018-11-04 20:49:45][FYI] 	Column 012: LAST_ACTIVITY_DATETIME  
[2018-11-04 20:49:45][FYI] Processing Table 007 of 064: [APP].[T_MASTER_BENCHMARK_DISTRIBUTION_DATA_TYPE_HISTORY]
[2018-11-04 20:49:45][FYI] Individual DDL File: ./Work/INIT_APP_FOR_CLIENT_HIST.APP.T_MASTER_BENCHMARK_DISTRIBUTION_DATA_TYPE_HISTORY.sql
[2018-11-04 20:49:45][FYI] 	Column 001: UNIVERSAL_BENCHMARK_ID (Key.1)
[2018-11-04 20:49:45][FYI] 	Column 002: DIRECT_LICENSE_AGREEMENT_TYPE_ID (Key.2)
[2018-11-04 20:49:45][FYI] 	Column 003: DISTRIBUTION_LICENSE_AGREEMENT_TYPE_ID (Key.3)
[2018-11-04 20:49:45][FYI] 	Column 004: DISTRIBUTION_DATA_TYPE_ID (Key.4)
[2018-11-04 20:49:45][FYI] 	Column 005: EFFECTIVE_DATE (Key.5)
[2018-11-04 20:49:45][FYI] 	Column 006: UPDATE_DATETIME (Key.6)
[2018-11-04 20:49:45][FYI] 	Column 007: END_DATE  
[2018-11-04 20:49:45][FYI] 	Column 008: CADIS_SYSTEM_INSERTED  
[2018-11-04 20:49:45][FYI] 	Column 009: CADIS_SYSTEM_UPDATED  
[2018-11-04 20:49:45][FYI] 	Column 010: CADIS_SYSTEM_CHANGEDBY  
[2018-11-04 20:49:45][FYI] 	Column 011: CADIS_SYSTEM_PRIORITY  
[2018-11-04 20:49:45][FYI] 	Column 012: CADIS_SYSTEM_LASTMODIFIED  
[2018-11-04 20:49:45][FYI] 	Column 013: LAST_ACTIVITY_OPERATOR_ID  
[2018-11-04 20:49:45][FYI] 	Column 014: LAST_ACTIVITY_DATETIME  
[2018-11-04 20:49:45][FYI] Processing Table 008 of 064: [APP].[T_MASTER_BENCHMARK_DISTRIBUTION_DELIVERY_METHOD_HISTORY]
[2018-11-04 20:49:45][FYI] Individual DDL File: ./Work/INIT_APP_FOR_CLIENT_HIST.APP.T_MASTER_BENCHMARK_DISTRIBUTION_DELIVERY_METHOD_HISTORY.sql
[2018-11-04 20:49:45][FYI] 	Column 001: UNIVERSAL_BENCHMARK_ID (Key.1)
[2018-11-04 20:49:45][FYI] 	Column 002: DISTRIBUTION_DELIVERY_METHOD_ID (Key.2)
[2018-11-04 20:49:45][FYI] 	Column 003: EFFECTIVE_DATE (Key.3)
[2018-11-04 20:49:45][FYI] 	Column 004: UPDATE_DATETIME (Key.4)
[2018-11-04 20:49:45][FYI] 	Column 005: END_DATE  
[2018-11-04 20:49:45][FYI] 	Column 006: CADIS_SYSTEM_INSERTED  
[2018-11-04 20:49:45][FYI] 	Column 007: CADIS_SYSTEM_UPDATED  
[2018-11-04 20:49:45][FYI] 	Column 008: CADIS_SYSTEM_CHANGEDBY  
[2018-11-04 20:49:45][FYI] 	Column 009: CADIS_SYSTEM_PRIORITY  
[2018-11-04 20:49:45][FYI] 	Column 010: CADIS_SYSTEM_LASTMODIFIED  
[2018-11-04 20:49:45][FYI] 	Column 011: LAST_ACTIVITY_OPERATOR_ID  
[2018-11-04 20:49:45][FYI] 	Column 012: LAST_ACTIVITY_DATETIME  
[2018-11-04 20:49:45][FYI] Processing Table 009 of 064: [APP].[T_MASTER_BENCHMARK_DISTRIBUTION_FORMAT_HISTORY]
[2018-11-04 20:49:45][FYI] Individual DDL File: ./Work/INIT_APP_FOR_CLIENT_HIST.APP.T_MASTER_BENCHMARK_DISTRIBUTION_FORMAT_HISTORY.sql
[2018-11-04 20:49:45][FYI] 	Column 001: UNIVERSAL_BENCHMARK_ID (Key.1)
[2018-11-04 20:49:45][FYI] 	Column 002: DISTRIBUTION_FORMAT_ID (Key.2)
[2018-11-04 20:49:45][FYI] 	Column 003: EFFECTIVE_DATE (Key.3)
[2018-11-04 20:49:45][FYI] 	Column 004: UPDATE_DATETIME (Key.4)
[2018-11-04 20:49:45][FYI] 	Column 005: END_DATE  
[2018-11-04 20:49:45][FYI] 	Column 006: CADIS_SYSTEM_INSERTED  
[2018-11-04 20:49:45][FYI] 	Column 007: CADIS_SYSTEM_UPDATED  
[2018-11-04 20:49:45][FYI] 	Column 008: CADIS_SYSTEM_CHANGEDBY  
[2018-11-04 20:49:45][FYI] 	Column 009: CADIS_SYSTEM_PRIORITY  
[2018-11-04 20:49:45][FYI] 	Column 010: CADIS_SYSTEM_LASTMODIFIED  
[2018-11-04 20:49:45][FYI] 	Column 011: LAST_ACTIVITY_OPERATOR_ID  
[2018-11-04 20:49:45][FYI] 	Column 012: LAST_ACTIVITY_DATETIME  
[2018-11-04 20:49:45][FYI] Processing Table 010 of 064: [APP].[T_MASTER_BENCHMARK_DISTRIBUTION_LICENSE_AGREEMENT_TYPE_HISTORY]
[2018-11-04 20:49:45][FYI] Individual DDL File: ./Work/INIT_APP_FOR_CLIENT_HIST.APP.T_MASTER_BENCHMARK_DISTRIBUTION_LICENSE_AGREEMENT_TYPE_HISTORY.sql
[2018-11-04 20:49:45][FYI] 	Column 001: UNIVERSAL_BENCHMARK_ID (Key.1)
[2018-11-04 20:49:45][FYI] 	Column 002: DIRECT_LICENSE_AGREEMENT_TYPE_ID (Key.2)
[2018-11-04 20:49:45][FYI] 	Column 003: DISTRIBUTION_LICENSE_AGREEMENT_TYPE_ID (Key.3)
[2018-11-04 20:49:45][FYI] 	Column 004: EFFECTIVE_DATE (Key.4)
[2018-11-04 20:49:45][FYI] 	Column 005: UPDATE_DATETIME (Key.5)
[2018-11-04 20:49:45][FYI] 	Column 006: END_DATE  
[2018-11-04 20:49:45][FYI] 	Column 007: CADIS_SYSTEM_INSERTED  
[2018-11-04 20:49:45][FYI] 	Column 008: CADIS_SYSTEM_UPDATED  
[2018-11-04 20:49:45][FYI] 	Column 009: CADIS_SYSTEM_CHANGEDBY  
[2018-11-04 20:49:45][FYI] 	Column 010: CADIS_SYSTEM_PRIORITY  
[2018-11-04 20:49:45][FYI] 	Column 011: CADIS_SYSTEM_LASTMODIFIED  
[2018-11-04 20:49:45][FYI] 	Column 012: LAST_ACTIVITY_OPERATOR_ID  
[2018-11-04 20:49:45][FYI] 	Column 013: LAST_ACTIVITY_DATETIME  
[2018-11-04 20:49:45][FYI] Processing Table 011 of 064: [APP].[T_MASTER_BENCHMARK_HISTORY]
[2018-11-04 20:49:45][FYI] Individual DDL File: ./Work/INIT_APP_FOR_CLIENT_HIST.APP.T_MASTER_BENCHMARK_HISTORY.sql
[2018-11-04 20:49:45][FYI] 	Column 001: UNIVERSAL_BENCHMARK_ID (Key.1)
[2018-11-04 20:49:45][FYI] 	Column 002: EFFECTIVE_DATE (Key.2)
[2018-11-04 20:49:45][FYI] 	Column 003: UPDATE_DATETIME (Key.3)
[2018-11-04 20:49:45][FYI] 	Column 004: MSTAR_SECURITY_ID  
[2018-11-04 20:49:45][FYI] 	Column 005: INCEPTION_DATE  
[2018-11-04 20:49:45][FYI] 	Column 006: BENCHMARK_NAME  
[2018-11-04 20:49:45][FYI] 	Column 007: BENCHMARK_CODE  
[2018-11-04 20:49:45][FYI] 	Column 008: FIRST_AVAILABLE_DATE  
[2018-11-04 20:49:45][FYI] 	Column 009: BENCHMARK_FAMILY_ID  
[2018-11-04 20:49:45][FYI] 	Column 010: BENCHMARK_ASSET_TYPE_ID  
[2018-11-04 20:49:45][FYI] 	Column 011: AVAILABLE_FOR_BLEND_INDICATOR  
[2018-11-04 20:49:45][FYI] 	Column 012: BENCHMARK_BLENDED_INDICATOR  
[2018-11-04 20:49:45][FYI] 	Column 013: BENCHMARK_404A_ONLY_INDICATOR  
[2018-11-04 20:49:45][FYI] 	Column 014: BLEND_COST_AMOUNT_MEMO  
[2018-11-04 20:49:45][FYI] 	Column 015: BLEND_PERCENT_LIMIT  
[2018-11-04 20:49:45][FYI] 	Column 016: REBALANCE_FREQUENCY_ID  
[2018-11-04 20:49:45][FYI] 	Column 017: DIRECT_LICENSE_AGREEMENT_INDICATOR  
[2018-11-04 20:49:45][FYI] 	Column 018: DISTRIBUTION_ALLOWED_INDICATOR  
[2018-11-04 20:49:45][FYI] 	Column 019: DISTRIBUTION_FREQUENCY_ID  
[2018-11-04 20:49:45][FYI] 	Column 020: DISTRIBUTION_DATA_EMBARGO_DAYS  
[2018-11-04 20:49:45][FYI] 	Column 021: DISTRIBUTION_EMBARGO_DAY_BASIS_ID  
[2018-11-04 20:49:45][FYI] 	Column 022: BENCHMARK_RETURN_TYPE_ID  
[2018-11-04 20:49:45][FYI] 	Column 023: BENCHMARK_STATUS_ID  
[2018-11-04 20:49:45][FYI] 	Column 024: VALUATION_FREQUENCY_ID  
[2018-11-04 20:49:45][FYI] 	Column 025: BENCHMARK_TICKER  
[2018-11-04 20:49:45][FYI] 	Column 026: PROCESS_TYPE_ID  
[2018-11-04 20:49:45][FYI] 	Column 027: BENCHMARK_SOURCE_ID  
[2018-11-04 20:49:45][FYI] 	Column 028: CADIS_SYSTEM_INSERTED  
[2018-11-04 20:49:45][FYI] 	Column 029: CADIS_SYSTEM_UPDATED  
[2018-11-04 20:49:45][FYI] 	Column 030: CADIS_SYSTEM_CHANGEDBY  
[2018-11-04 20:49:45][FYI] 	Column 031: CADIS_SYSTEM_PRIORITY  
[2018-11-04 20:49:45][FYI] 	Column 032: CADIS_SYSTEM_LASTMODIFIED  
[2018-11-04 20:49:45][FYI] 	Column 033: LAST_ACTIVITY_OPERATOR_ID  
[2018-11-04 20:49:45][FYI] 	Column 034: LAST_ACTIVITY_DATETIME  
[2018-11-04 20:49:45][FYI] Processing Table 012 of 064: [APP].[T_MASTER_BLENDED_BENCHMARK_HISTORY]
[2018-11-04 20:49:45][FYI] Individual DDL File: ./Work/INIT_APP_FOR_CLIENT_HIST.APP.T_MASTER_BLENDED_BENCHMARK_HISTORY.sql
[2018-11-04 20:49:45][FYI] 	Column 001: UNIVERSAL_BENCHMARK_ID (Key.1)
[2018-11-04 20:49:45][FYI] 	Column 002: UNDERLYING_UNIVERSAL_BENCHMARK_ID (Key.2)
[2018-11-04 20:49:45][FYI] 	Column 003: EFFECTIVE_DATE (Key.3)
[2018-11-04 20:49:45][FYI] 	Column 004: UPDATE_DATETIME (Key.4)
[2018-11-04 20:49:45][FYI] 	Column 005: ALLOCATION_PERCENT  
[2018-11-04 20:49:45][FYI] 	Column 006: END_DATE  
[2018-11-04 20:49:45][FYI] 	Column 007: CADIS_SYSTEM_INSERTED  
[2018-11-04 20:49:45][FYI] 	Column 008: CADIS_SYSTEM_UPDATED  
[2018-11-04 20:49:45][FYI] 	Column 009: CADIS_SYSTEM_CHANGEDBY  
[2018-11-04 20:49:45][FYI] 	Column 010: CADIS_SYSTEM_PRIORITY  
[2018-11-04 20:49:45][FYI] 	Column 011: CADIS_SYSTEM_LASTMODIFIED  
[2018-11-04 20:49:45][FYI] 	Column 012: LAST_ACTIVITY_OPERATOR_ID  
[2018-11-04 20:49:45][FYI] 	Column 013: LAST_ACTIVITY_DATETIME  
[2018-11-04 20:49:45][FYI] Processing Table 013 of 064: [APP].[T_MASTER_INVESTMENT_AVAILABILITY_HISTORY]
[2018-11-04 20:49:45][FYI] Individual DDL File: ./Work/INIT_APP_FOR_CLIENT_HIST.APP.T_MASTER_INVESTMENT_AVAILABILITY_HISTORY.sql
[2018-11-04 20:49:45][FYI] 	Column 001: APP_PRICE_ID (Key.1)
[2018-11-04 20:49:45][FYI] 	Column 002: MARKET_SEGMENT_ID (Key.2)
[2018-11-04 20:49:45][FYI] 	Column 003: EFFECTIVE_DATE (Key.3)
[2018-11-04 20:49:45][FYI] 	Column 004: UPDATE_DATETIME (Key.4)
[2018-11-04 20:49:45][FYI] 	Column 005: MARKET_SEGMENT_STATUS_ID  
[2018-11-04 20:49:45][FYI] 	Column 006: CADIS_SYSTEM_INSERTED  
[2018-11-04 20:49:45][FYI] 	Column 007: CADIS_SYSTEM_UPDATED  
[2018-11-04 20:49:45][FYI] 	Column 008: CADIS_SYSTEM_CHANGEDBY  
[2018-11-04 20:49:45][FYI] 	Column 009: CADIS_SYSTEM_PRIORITY  
[2018-11-04 20:49:45][FYI] 	Column 010: CADIS_SYSTEM_LASTMODIFIED  
[2018-11-04 20:49:45][FYI] 	Column 011: LAST_ACTIVITY_OPERATOR_ID  
[2018-11-04 20:49:45][FYI] 	Column 012: LAST_ACTIVITY_DATETIME  
[2018-11-04 20:49:45][FYI] Processing Table 014 of 064: [APP].[T_MASTER_INVESTMENT_BENCHMARK_HISTORY]
[2018-11-04 20:49:45][FYI] Individual DDL File: ./Work/INIT_APP_FOR_CLIENT_HIST.APP.T_MASTER_INVESTMENT_BENCHMARK_HISTORY.sql
[2018-11-04 20:49:45][FYI] 	Column 001: CADIS_ID (Key.1)
[2018-11-04 20:49:45][FYI] 	Column 002: BENCHMARK_TYPE_ID (Key.2)
[2018-11-04 20:49:45][FYI] 	Column 003: EFFECTIVE_DATE (Key.3)
[2018-11-04 20:49:45][FYI] 	Column 004: UPDATE_DATETIME (Key.4)
[2018-11-04 20:49:45][FYI] 	Column 005: BENCHMARK_END_DATE  
[2018-11-04 20:49:45][FYI] 	Column 006: CADIS_SYSTEM_INSERTED  
[2018-11-04 20:49:45][FYI] 	Column 007: CADIS_SYSTEM_UPDATED  
[2018-11-04 20:49:45][FYI] 	Column 008: CADIS_SYSTEM_CHANGEDBY  
[2018-11-04 20:49:45][FYI] 	Column 009: CADIS_SYSTEM_PRIORITY  
[2018-11-04 20:49:45][FYI] 	Column 010: CADIS_SYSTEM_LASTMODIFIED  
[2018-11-04 20:49:45][FYI] 	Column 011: LAST_ACTIVITY_OPERATOR_ID  
[2018-11-04 20:49:45][FYI] 	Column 012: LAST_ACTIVITY_DATETIME  
[2018-11-04 20:49:45][FYI] 	Column 013: UNIVERSAL_BENCHMARK_ID  
[2018-11-04 20:49:45][FYI] Processing Table 015 of 064: [APP].[T_MASTER_INVESTMENT_CADIS_ID_XREF_HISTORY]
[2018-11-04 20:49:45][FYI] Individual DDL File: ./Work/INIT_APP_FOR_CLIENT_HIST.APP.T_MASTER_INVESTMENT_CADIS_ID_XREF_HISTORY.sql
[2018-11-04 20:49:45][FYI] 	Column 001: CADIS_ID (Key.1)
[2018-11-04 20:49:45][FYI] 	Column 002: XREF_KEY_TYPE_ID (Key.2)
[2018-11-04 20:49:45][FYI] 	Column 003: XREF_KEY_VALUE (Key.3)
[2018-11-04 20:49:45][FYI] 	Column 004: EFFECTIVE_DATE (Key.4)
[2018-11-04 20:49:45][FYI] 	Column 005: UPDATE_DATETIME (Key.5)
[2018-11-04 20:49:45][FYI] 	Column 006: EFFECTIVE_END_DATE  
[2018-11-04 20:49:45][FYI] 	Column 007: CADIS_SYSTEM_INSERTED  
[2018-11-04 20:49:45][FYI] 	Column 008: CADIS_SYSTEM_UPDATED  
[2018-11-04 20:49:45][FYI] 	Column 009: CADIS_SYSTEM_CHANGEDBY  
[2018-11-04 20:49:45][FYI] 	Column 010: CADIS_SYSTEM_PRIORITY  
[2018-11-04 20:49:45][FYI] 	Column 011: CADIS_SYSTEM_LASTMODIFIED  
[2018-11-04 20:49:45][FYI] 	Column 012: LAST_ACTIVITY_OPERATOR_ID  
[2018-11-04 20:49:45][FYI] 	Column 013: LAST_ACTIVITY_DATETIME  
[2018-11-04 20:49:45][FYI] Processing Table 016 of 064: [APP].[T_MASTER_INVESTMENT_CUSTODIAN_HISTORY]
[2018-11-04 20:49:45][FYI] Individual DDL File: ./Work/INIT_APP_FOR_CLIENT_HIST.APP.T_MASTER_INVESTMENT_CUSTODIAN_HISTORY.sql
[2018-11-04 20:49:45][FYI] 	Column 001: CADIS_ID (Key.1)
[2018-11-04 20:49:45][FYI] 	Column 002: HIGH_LEVEL_PLAN_TYPE_ID (Key.2)
[2018-11-04 20:49:45][FYI] 	Column 003: EFFECTIVE_DATE (Key.3)
[2018-11-04 20:49:45][FYI] 	Column 004: UPDATE_DATETIME (Key.4)
[2018-11-04 20:49:45][FYI] 	Column 005: CUSTODIAN_ID  
[2018-11-04 20:49:45][FYI] 	Column 006: CUSTODIAN_END_DATE  
[2018-11-04 20:49:45][FYI] 	Column 007: CADIS_SYSTEM_INSERTED  
[2018-11-04 20:49:45][FYI] 	Column 008: CADIS_SYSTEM_UPDATED  
[2018-11-04 20:49:45][FYI] 	Column 009: CADIS_SYSTEM_CHANGEDBY  
[2018-11-04 20:49:45][FYI] 	Column 010: CADIS_SYSTEM_PRIORITY  
[2018-11-04 20:49:45][FYI] 	Column 011: CADIS_SYSTEM_LASTMODIFIED  
[2018-11-04 20:49:45][FYI] 	Column 012: LAST_ACTIVITY_OPERATOR_ID  
[2018-11-04 20:49:45][FYI] 	Column 013: LAST_ACTIVITY_DATETIME  
[2018-11-04 20:49:45][FYI] Processing Table 017 of 064: [APP].[T_MASTER_INVESTMENT_DATA_HISTORY]
[2018-11-04 20:49:45][FYI] Individual DDL File: ./Work/INIT_APP_FOR_CLIENT_HIST.APP.T_MASTER_INVESTMENT_DATA_HISTORY.sql
[2018-11-04 20:49:45][FYI] 	Column 001: CADIS_ID (Key.1)
[2018-11-04 20:49:45][FYI] 	Column 002: EFFECTIVE_DATE (Key.2)
[2018-11-04 20:49:45][FYI] 	Column 003: UPDATE_DATETIME (Key.3)
[2018-11-04 20:49:45][FYI] 	Column 004: UNIVERSAL_INVESTMENT_ID  
[2018-11-04 20:49:45][FYI] 	Column 005: SEED_SOURCE_ID  
[2018-11-04 20:49:45][FYI] 	Column 006: SEED_SOURCE_AMOUNT  
[2018-11-04 20:49:45][FYI] 	Column 007: SEEDING_APPROVAL_DATE  
[2018-11-04 20:49:45][FYI] 	Column 008: INCEPTION_DATE  
[2018-11-04 20:49:45][FYI] 	Column 009: INVESTMENT_PLATFORM_ID  
[2018-11-04 20:49:45][FYI] 	Column 010: PLATFORM_ADDITION_DATE  
[2018-11-04 20:49:45][FYI] 	Column 011: INVESTMENT_VEHICLE_TYPE_ID  
[2018-11-04 20:49:45][FYI] 	Column 012: INVESTMENT_VEHICLE_SUB_TYPE_ID  
[2018-11-04 20:49:45][FYI] 	Column 013: UNDERLYING_INVESTMENT_TYPE_ID  
[2018-11-04 20:49:45][FYI] 	Column 014: INVESTMENT_PRODUCT_ID  
[2018-11-04 20:49:45][FYI] 	Column 015: INVESTMENT_PRODUCT_TYPE_DETAIL_ID  
[2018-11-04 20:49:45][FYI] 	Column 016: INVESTMENT_TYPE_ID  
[2018-11-04 20:49:45][FYI] 	Column 017: REGISTERED_INDICATOR  
[2018-11-04 20:49:45][FYI] 	Column 018: FUND_OF_FUND_INDICATOR  
[2018-11-04 20:49:45][FYI] 	Column 019: PROPRIETARY_INDICATOR  
[2018-11-04 20:49:45][FYI] 	Column 020: PRUDENTIAL_MANAGED_INDICATOR  
[2018-11-04 20:49:45][FYI] 	Column 021: MANAGER_OF_MANAGER_INDICATOR  
[2018-11-04 20:49:45][FYI] 	Column 022: INVESTMENT_MANAGEMENT_TYPE  
[2018-11-04 20:49:45][FYI] 	Column 023: CLIENT_ACCOMODATION_INDICATOR  
[2018-11-04 20:49:45][FYI] 	Column 024: COMMINGLED_INDICATOR  
[2018-11-04 20:49:45][FYI] 	Column 025: SOCIALLY_RESPONSIBLE_INDICATOR  
[2018-11-04 20:49:45][FYI] 	Column 026: TARGET_DATE_FUND_INDICATOR  
[2018-11-04 20:49:45][FYI] 	Column 027: TARGET_DATE_YEAR  
[2018-11-04 20:49:45][FYI] 	Column 028: PARIS_INVESTMENT_ID  
[2018-11-04 20:49:45][FYI] 	Column 029: PARIS_LEGAL_ENTITY_TYPE_CODE  
[2018-11-04 20:49:45][FYI] 	Column 030: INVESTMENT_LEGAL_ENTITY_CODE  
[2018-11-04 20:49:45][FYI] 	Column 031: INVESTMENT_STATUS_ID  
[2018-11-04 20:49:45][FYI] 	Column 032: INVESTMENT_STATUS_EFFECTIVE_DATE  
[2018-11-04 20:49:45][FYI] 	Column 033: INVESTMENT_VEHICLE_LEGAL_NAME  
[2018-11-04 20:49:45][FYI] 	Column 034: INVESTMENT_60_CHAR_NAME  
[2018-11-04 20:49:45][FYI] 	Column 035: INVESTMENT_30_CHAR_NAME  
[2018-11-04 20:49:45][FYI] 	Column 036: INVESTMENT_25_CHAR_NAME_LINE1  
[2018-11-04 20:49:45][FYI] 	Column 037: INVESTMENT_25_CHAR_NAME_LINE2  
[2018-11-04 20:49:45][FYI] 	Column 038: INVESTMENT_25_CHAR_NAME  
[2018-11-04 20:49:45][FYI] 	Column 039: INVESTMENT_15_CHAR_NAME  
[2018-11-04 20:49:45][FYI] 	Column 040: INVESTMENT_10_CHAR_NAME_LINE1  
[2018-11-04 20:49:45][FYI] 	Column 041: INVESTMENT_10_CHAR_NAME_LINE2  
[2018-11-04 20:49:45][FYI] 	Column 042: INVESTMENT_12_CHAR_NAME  
[2018-11-04 20:49:45][FYI] 	Column 043: INVESTMENT_5_CHAR_NAME  
[2018-11-04 20:49:45][FYI] 	Column 044: VALUATION_FREQUENCY_ID  
[2018-11-04 20:49:45][FYI] 	Column 045: VALUATION_FREQUENCY_DETAIL_TEXT  
[2018-11-04 20:49:45][FYI] 	Column 046: SHARE_CLASS_ID  
[2018-11-04 20:49:45][FYI] 	Column 047: FOREIGN_COUNTRY_REQUIRED_INDICATOR  
[2018-11-04 20:49:45][FYI] 	Column 048: SWAPS_INDICATOR  
[2018-11-04 20:49:45][FYI] 	Column 049: GMEI_ACCOUNT_NUMBER  
[2018-11-04 20:49:45][FYI] 	Column 050: QDIA_ELIGIBLE_APPROVED_INDICATOR  
[2018-11-04 20:49:45][FYI] 	Column 051: ASSET_TYPE_ID  
[2018-11-04 20:49:45][FYI] 	Column 052: DOMICILE_ID  
[2018-11-04 20:49:45][FYI] 	Column 053: ASSET_CLASS_LEVEL_1_ID  
[2018-11-04 20:49:45][FYI] 	Column 054: ASSET_CLASS_LEVEL_2_ID  
[2018-11-04 20:49:45][FYI] 	Column 055: ASSET_CLASS_LEVEL_3_ID  
[2018-11-04 20:49:45][FYI] 	Column 056: GOALMAKER_ELIGIBLE_INDICATOR  
[2018-11-04 20:49:45][FYI] 	Column 057: EQUITY_WASH_COMPETING_FUND_TYPE_ID  
[2018-11-04 20:49:45][FYI] 	Column 058: PRODUCT_MANAGER_ID  
[2018-11-04 20:49:45][FYI] 	Column 059: FUND_OF_FUND_TYPE_ID  
[2018-11-04 20:49:45][FYI] 	Column 060: REBALANCE_FREQUENCY_ID  
[2018-11-04 20:49:45][FYI] 	Column 061: INVESTMENT_ACCOUNT_CODE  
[2018-11-04 20:49:45][FYI] 	Column 062: SEPARATE_ACCOUNT_AUDIT_LEVEL_ID  
[2018-11-04 20:49:45][FYI] 	Column 063: THIRD_PARTY_RECORD_KEEPING_INDICATOR  
[2018-11-04 20:49:45][FYI] 	Column 064: WATCHLIST_EFFECTIVE_DATE  
[2018-11-04 20:49:45][FYI] 	Column 065: WATCHLIST_END_DATE  
[2018-11-04 20:49:45][FYI] 	Column 066: RESTRICTION_EFFECTIVE_DATE  
[2018-11-04 20:49:45][FYI] 	Column 067: RESTRICTION_END_DATE  
[2018-11-04 20:49:45][FYI] 	Column 068: OPERATION_LAUNCH_CALL_DATE  
[2018-11-04 20:49:45][FYI] 	Column 069: OPERATION_LAUNCH_CALL_TIME  
[2018-11-04 20:49:45][FYI] 	Column 070: UNDERLYING_INVESTMENT_TICKER  
[2018-11-04 20:49:45][FYI] 	Column 071: UNDERLYING_INVESTMENT_CUSIP  
[2018-11-04 20:49:45][FYI] 	Column 072: UNDERLYING_INVESTMENT_INCEPTION_DATE  
[2018-11-04 20:49:45][FYI] 	Column 073: UNDERLYING_INVESTMENT_OLDEST_SHARE_CLASS_INCEPTION_DATE  
[2018-11-04 20:49:45][FYI] 	Column 074: FUND_DESCRIPTION_OBJECTIVE  
[2018-11-04 20:49:45][FYI] 	Column 075: INVESTMENT_MINIMUM_PURCHASE_AMOUNT  
[2018-11-04 20:49:45][FYI] 	Column 076: REBALANCE_DAY_CRITERIA_ID  
[2018-11-04 20:49:45][FYI] 	Column 077: REBALANCE_DAY_BASIS_ID  
[2018-11-04 20:49:45][FYI] 	Column 078: REBALANCE_START_DATE  
[2018-11-04 20:49:45][FYI] 	Column 079: REBALANCE_TOLERANCE_PERCENT  
[2018-11-04 20:49:45][FYI] 	Column 080: CADIS_SYSTEM_INSERTED  
[2018-11-04 20:49:45][FYI] 	Column 081: CADIS_SYSTEM_UPDATED  
[2018-11-04 20:49:45][FYI] 	Column 082: CADIS_SYSTEM_CHANGEDBY  
[2018-11-04 20:49:45][FYI] 	Column 083: CADIS_SYSTEM_PRIORITY  
[2018-11-04 20:49:45][FYI] 	Column 084: MSTAR_CATEGORY_ID  
[2018-11-04 20:49:45][FYI] 	Column 085: MSTAR_EQUITYSTYLE_LONG_ID  
[2018-11-04 20:49:45][FYI] 	Column 086: MSTAR_BONDSTYLE_LONG_ID  
[2018-11-04 20:49:45][FYI] 	Column 087: BULK_ID  
[2018-11-04 20:49:45][FYI] 	Column 088: INVESTMENT_OLDEST_SHARE_CLASS_INCEPTION_DATE  
[2018-11-04 20:49:45][FYI] 	Column 089: INVESTMENT_FAMILY_ID  
[2018-11-04 20:49:45][FYI] 	Column 090: FINDERS_FEE_INDICATOR  
[2018-11-04 20:49:45][FYI] 	Column 091: DDA_REPORTING_INDICATOR  
[2018-11-04 20:49:45][FYI] 	Column 092: ACCOUNTING_METHOD_ID  
[2018-11-04 20:49:45][FYI] 	Column 093: CORPORATE_ACTION_INDICATOR  
[2018-11-04 20:49:45][FYI] 	Column 094: DIVIDEND_FREQUENCY_ID  
[2018-11-04 20:49:45][FYI] 	Column 095: DIVIDEND_TREATMENT_ID  
[2018-11-04 20:49:45][FYI] 	Column 096: STOCK_EXCHANGE_ID  
[2018-11-04 20:49:45][FYI] 	Column 097: PRICE_SOURCE_ID  
[2018-11-04 20:49:45][FYI] 	Column 098: PBT_DB_INVESTMENT_INDICATOR  
[2018-11-04 20:49:45][FYI] 	Column 099: CADIS_SYSTEM_LASTMODIFIED  
[2018-11-04 20:49:45][FYI] 	Column 100: GLIDEPATH_INCEPTION_DATE  
[2018-11-04 20:49:45][FYI] 	Column 101: FUNDING_DATE  
[2018-11-04 20:49:45][FYI] 	Column 102: PLAN_ACCOUNTING_CONTACT_ID  
[2018-11-04 20:49:45][FYI] 	Column 103: LAST_ACTIVITY_OPERATOR_ID  
[2018-11-04 20:49:45][FYI] 	Column 104: LAST_ACTIVITY_DATETIME  
[2018-11-04 20:49:45][FYI] 	Column 105: VALUATION_TYPE_ID  
[2018-11-04 20:49:45][FYI] 	Column 106: INVESTMENT_SOURCE_ID  
[2018-11-04 20:49:45][FYI] 	Column 107: PRICE_STRUCTURE_KEY_LEVEL_ID  
[2018-11-04 20:49:45][FYI] 	Column 108: MANAGED_ACCOUNT_INDICATOR  
[2018-11-04 20:49:45][FYI] 	Column 109: DEFAULT_PERFORMANCE_SOURCE_ID  
[2018-11-04 20:49:45][FYI] 	Column 110: PROSPECTUS_DATE  
[2018-11-04 20:49:45][FYI] 	Column 111: TAX_MANAGED_INDICATOR  
[2018-11-04 20:49:45][FYI] Processing Table 018 of 064: [APP].[T_MASTER_INVESTMENT_DATA_HISTORY_TEST]
[2018-11-04 20:49:45][FYI] Individual DDL File: ./Work/INIT_APP_FOR_CLIENT_HIST.APP.T_MASTER_INVESTMENT_DATA_HISTORY_TEST.sql
[2018-11-04 20:49:45][FYI] 	Column 001: CADIS_ID (Key.1)
[2018-11-04 20:49:45][FYI] 	Column 002: EFFECTIVE_DATE (Key.2)
[2018-11-04 20:49:45][FYI] 	Column 003: UPDATE_DATETIME (Key.3)
[2018-11-04 20:49:45][FYI] 	Column 004: UNIVERSAL_INVESTMENT_ID  
[2018-11-04 20:49:45][FYI] 	Column 005: SEED_SOURCE_ID  
[2018-11-04 20:49:45][FYI] 	Column 006: SEED_SOURCE_AMOUNT  
[2018-11-04 20:49:45][FYI] 	Column 007: SEEDING_APPROVAL_DATE  
[2018-11-04 20:49:45][FYI] 	Column 008: INCEPTION_DATE  
[2018-11-04 20:49:45][FYI] 	Column 009: INVESTMENT_PLATFORM_ID  
[2018-11-04 20:49:45][FYI] 	Column 010: PLATFORM_ADDITION_DATE  
[2018-11-04 20:49:45][FYI] 	Column 011: INVESTMENT_VEHICLE_TYPE_ID  
[2018-11-04 20:49:45][FYI] 	Column 012: INVESTMENT_VEHICLE_SUB_TYPE_ID  
[2018-11-04 20:49:45][FYI] 	Column 013: UNDERLYING_INVESTMENT_TYPE_ID  
[2018-11-04 20:49:45][FYI] 	Column 014: INVESTMENT_PRODUCT_ID  
[2018-11-04 20:49:45][FYI] 	Column 015: INVESTMENT_PRODUCT_TYPE_DETAIL_ID  
[2018-11-04 20:49:45][FYI] 	Column 016: INVESTMENT_TYPE_ID  
[2018-11-04 20:49:45][FYI] 	Column 017: REGISTERED_INDICATOR  
[2018-11-04 20:49:45][FYI] 	Column 018: FUND_OF_FUND_INDICATOR  
[2018-11-04 20:49:45][FYI] 	Column 019: PROPRIETARY_INDICATOR  
[2018-11-04 20:49:45][FYI] 	Column 020: PRUDENTIAL_MANAGED_INDICATOR  
[2018-11-04 20:49:45][FYI] 	Column 021: MANAGER_OF_MANAGER_INDICATOR  
[2018-11-04 20:49:45][FYI] 	Column 022: INVESTMENT_MANAGEMENT_TYPE  
[2018-11-04 20:49:45][FYI] 	Column 023: CLIENT_ACCOMODATION_INDICATOR  
[2018-11-04 20:49:45][FYI] 	Column 024: COMMINGLED_INDICATOR  
[2018-11-04 20:49:45][FYI] 	Column 025: SOCIALLY_RESPONSIBLE_INDICATOR  
[2018-11-04 20:49:45][FYI] 	Column 026: TARGET_DATE_FUND_INDICATOR  
[2018-11-04 20:49:45][FYI] 	Column 027: TARGET_DATE_YEAR  
[2018-11-04 20:49:45][FYI] 	Column 028: PARIS_INVESTMENT_ID  
[2018-11-04 20:49:45][FYI] 	Column 029: PARIS_LEGAL_ENTITY_TYPE_CODE  
[2018-11-04 20:49:45][FYI] 	Column 030: INVESTMENT_LEGAL_ENTITY_CODE  
[2018-11-04 20:49:45][FYI] 	Column 031: INVESTMENT_STATUS_ID  
[2018-11-04 20:49:45][FYI] 	Column 032: INVESTMENT_STATUS_EFFECTIVE_DATE  
[2018-11-04 20:49:45][FYI] 	Column 033: INVESTMENT_VEHICLE_LEGAL_NAME  
[2018-11-04 20:49:45][FYI] 	Column 034: INVESTMENT_60_CHAR_NAME  
[2018-11-04 20:49:45][FYI] 	Column 035: INVESTMENT_30_CHAR_NAME  
[2018-11-04 20:49:45][FYI] 	Column 036: INVESTMENT_25_CHAR_NAME_LINE1  
[2018-11-04 20:49:45][FYI] 	Column 037: INVESTMENT_25_CHAR_NAME_LINE2  
[2018-11-04 20:49:45][FYI] 	Column 038: INVESTMENT_25_CHAR_NAME  
[2018-11-04 20:49:45][FYI] 	Column 039: INVESTMENT_15_CHAR_NAME  
[2018-11-04 20:49:45][FYI] 	Column 040: INVESTMENT_10_CHAR_NAME_LINE1  
[2018-11-04 20:49:45][FYI] 	Column 041: INVESTMENT_10_CHAR_NAME_LINE2  
[2018-11-04 20:49:45][FYI] 	Column 042: INVESTMENT_12_CHAR_NAME  
[2018-11-04 20:49:45][FYI] 	Column 043: INVESTMENT_5_CHAR_NAME  
[2018-11-04 20:49:45][FYI] 	Column 044: VALUATION_FREQUENCY_ID  
[2018-11-04 20:49:45][FYI] 	Column 045: VALUATION_FREQUENCY_DETAIL_TEXT  
[2018-11-04 20:49:45][FYI] 	Column 046: SHARE_CLASS_ID  
[2018-11-04 20:49:45][FYI] 	Column 047: FOREIGN_COUNTRY_REQUIRED_INDICATOR  
[2018-11-04 20:49:45][FYI] 	Column 048: SWAPS_INDICATOR  
[2018-11-04 20:49:45][FYI] 	Column 049: GMEI_ACCOUNT_NUMBER  
[2018-11-04 20:49:45][FYI] 	Column 050: QDIA_ELIGIBLE_APPROVED_INDICATOR  
[2018-11-04 20:49:45][FYI] 	Column 051: ASSET_TYPE_ID  
[2018-11-04 20:49:45][FYI] 	Column 052: DOMICILE_ID  
[2018-11-04 20:49:45][FYI] 	Column 053: ASSET_CLASS_LEVEL_1_ID  
[2018-11-04 20:49:45][FYI] 	Column 054: ASSET_CLASS_LEVEL_2_ID  
[2018-11-04 20:49:45][FYI] 	Column 055: ASSET_CLASS_LEVEL_3_ID  
[2018-11-04 20:49:45][FYI] 	Column 056: GOALMAKER_ELIGIBLE_INDICATOR  
[2018-11-04 20:49:45][FYI] 	Column 057: EQUITY_WASH_COMPETING_FUND_TYPE_ID  
[2018-11-04 20:49:45][FYI] 	Column 058: PRODUCT_MANAGER_ID  
[2018-11-04 20:49:45][FYI] 	Column 059: FUND_OF_FUND_TYPE_ID  
[2018-11-04 20:49:45][FYI] 	Column 060: REBALANCE_FREQUENCY_ID  
[2018-11-04 20:49:45][FYI] 	Column 061: INVESTMENT_ACCOUNT_CODE  
[2018-11-04 20:49:45][FYI] 	Column 062: SEPARATE_ACCOUNT_AUDIT_LEVEL_ID  
[2018-11-04 20:49:45][FYI] 	Column 063: THIRD_PARTY_RECORD_KEEPING_INDICATOR  
[2018-11-04 20:49:45][FYI] 	Column 064: WATCHLIST_EFFECTIVE_DATE  
[2018-11-04 20:49:45][FYI] 	Column 065: WATCHLIST_END_DATE  
[2018-11-04 20:49:45][FYI] 	Column 066: RESTRICTION_EFFECTIVE_DATE  
[2018-11-04 20:49:45][FYI] 	Column 067: RESTRICTION_END_DATE  
[2018-11-04 20:49:45][FYI] 	Column 068: OPERATION_LAUNCH_CALL_DATE  
[2018-11-04 20:49:45][FYI] 	Column 069: OPERATION_LAUNCH_CALL_TIME  
[2018-11-04 20:49:45][FYI] 	Column 070: UNDERLYING_INVESTMENT_TICKER  
[2018-11-04 20:49:45][FYI] 	Column 071: UNDERLYING_INVESTMENT_CUSIP  
[2018-11-04 20:49:45][FYI] 	Column 072: UNDERLYING_INVESTMENT_INCEPTION_DATE  
[2018-11-04 20:49:45][FYI] 	Column 073: UNDERLYING_INVESTMENT_OLDEST_SHARE_CLASS_INCEPTION_DATE  
[2018-11-04 20:49:45][FYI] 	Column 074: FUND_DESCRIPTION_OBJECTIVE  
[2018-11-04 20:49:45][FYI] 	Column 075: INVESTMENT_MINIMUM_PURCHASE_AMOUNT  
[2018-11-04 20:49:45][FYI] 	Column 076: REBALANCE_DAY_CRITERIA_ID  
[2018-11-04 20:49:45][FYI] 	Column 077: REBALANCE_DAY_BASIS_ID  
[2018-11-04 20:49:45][FYI] 	Column 078: REBALANCE_START_DATE  
[2018-11-04 20:49:45][FYI] 	Column 079: REBALANCE_TOLERANCE_PERCENT  
[2018-11-04 20:49:45][FYI] 	Column 080: CADIS_SYSTEM_INSERTED  
[2018-11-04 20:49:45][FYI] 	Column 081: CADIS_SYSTEM_UPDATED  
[2018-11-04 20:49:45][FYI] 	Column 082: CADIS_SYSTEM_CHANGEDBY  
[2018-11-04 20:49:45][FYI] 	Column 083: CADIS_SYSTEM_PRIORITY  
[2018-11-04 20:49:45][FYI] 	Column 084: MSTAR_CATEGORY_ID  
[2018-11-04 20:49:45][FYI] 	Column 085: MSTAR_EQUITYSTYLE_LONG_ID  
[2018-11-04 20:49:45][FYI] 	Column 086: MSTAR_BONDSTYLE_LONG_ID  
[2018-11-04 20:49:45][FYI] 	Column 087: BULK_ID  
[2018-11-04 20:49:45][FYI] 	Column 088: INVESTMENT_OLDEST_SHARE_CLASS_INCEPTION_DATE  
[2018-11-04 20:49:45][FYI] 	Column 089: INVESTMENT_FAMILY_ID  
[2018-11-04 20:49:45][FYI] 	Column 090: FINDERS_FEE_INDICATOR  
[2018-11-04 20:49:45][FYI] 	Column 091: DDA_REPORTING_INDICATOR  
[2018-11-04 20:49:45][FYI] 	Column 092: ACCOUNTING_METHOD_ID  
[2018-11-04 20:49:45][FYI] 	Column 093: CORPORATE_ACTION_INDICATOR  
[2018-11-04 20:49:45][FYI] 	Column 094: DIVIDEND_FREQUENCY_ID  
[2018-11-04 20:49:45][FYI] 	Column 095: DIVIDEND_TREATMENT_ID  
[2018-11-04 20:49:45][FYI] 	Column 096: STOCK_EXCHANGE_ID  
[2018-11-04 20:49:45][FYI] 	Column 097: PRICE_SOURCE_ID  
[2018-11-04 20:49:45][FYI] 	Column 098: PBT_DB_INVESTMENT_INDICATOR  
[2018-11-04 20:49:45][FYI] 	Column 099: CADIS_SYSTEM_LASTMODIFIED  
[2018-11-04 20:49:45][FYI] 	Column 100: GLIDEPATH_INCEPTION_DATE  
[2018-11-04 20:49:45][FYI] 	Column 101: FUNDING_DATE  
[2018-11-04 20:49:45][FYI] 	Column 102: PLAN_ACCOUNTING_CONTACT_ID  
[2018-11-04 20:49:45][FYI] 	Column 103: LAST_ACTIVITY_OPERATOR_ID  
[2018-11-04 20:49:45][FYI] 	Column 104: LAST_ACTIVITY_DATETIME  
[2018-11-04 20:49:45][FYI] Processing Table 019 of 064: [APP].[T_MASTER_INVESTMENT_FEE_HISTORY]
[2018-11-04 20:49:45][FYI] Individual DDL File: ./Work/INIT_APP_FOR_CLIENT_HIST.APP.T_MASTER_INVESTMENT_FEE_HISTORY.sql
[2018-11-04 20:49:45][FYI] 	Column 001: UPDATE_DATETIME (Key.1)
[2018-11-04 20:49:45][FYI] 	Column 002: CADIS_ID (Key.2)
[2018-11-04 20:49:45][FYI] 	Column 003: INVESTMENT_FEE_TYPE_ID (Key.3)
[2018-11-04 20:49:45][FYI] 	Column 004: EFFECTIVE_DATE (Key.4)
[2018-11-04 20:49:45][FYI] 	Column 005: INVESTMENT_FEE_AMOUNT  
[2018-11-04 20:49:45][FYI] 	Column 006: INVESTMENT_FEE_PERCENT  
[2018-11-04 20:49:45][FYI] 	Column 007: INVESTMENT_FEE_END_DATE  
[2018-11-04 20:49:45][FYI] 	Column 008: CADIS_SYSTEM_INSERTED  
[2018-11-04 20:49:45][FYI] 	Column 009: CADIS_SYSTEM_UPDATED  
[2018-11-04 20:49:45][FYI] 	Column 010: CADIS_SYSTEM_CHANGEDBY  
[2018-11-04 20:49:45][FYI] 	Column 011: CADIS_SYSTEM_PRIORITY  
[2018-11-04 20:49:45][FYI] 	Column 012: CADIS_SYSTEM_LASTMODIFIED  
[2018-11-04 20:49:45][FYI] 	Column 013: LAST_ACTIVITY_OPERATOR_ID  
[2018-11-04 20:49:45][FYI] 	Column 014: LAST_ACTIVITY_DATETIME  
[2018-11-04 20:49:45][FYI] 	Column 015: CONTRACTUAL_REDUCTION_INDICATOR  
[2018-11-04 20:49:45][FYI] Processing Table 020 of 064: [APP].[T_MASTER_INVESTMENT_FEE_PAYOR_HISTORY]
[2018-11-04 20:49:45][FYI] Individual DDL File: ./Work/INIT_APP_FOR_CLIENT_HIST.APP.T_MASTER_INVESTMENT_FEE_PAYOR_HISTORY.sql
[2018-11-04 20:49:45][FYI] 	Column 001: CADIS_ID (Key.1)
[2018-11-04 20:49:45][FYI] 	Column 002: INVESTMENT_FEE_TYPE_ID (Key.2)
[2018-11-04 20:49:45][FYI] 	Column 003: HIGH_LEVEL_PLAN_TYPE_ID (Key.3)
[2018-11-04 20:49:45][FYI] 	Column 004: EFFECTIVE_DATE (Key.4)
[2018-11-04 20:49:45][FYI] 	Column 005: UPDATE_DATETIME (Key.5)
[2018-11-04 20:49:45][FYI] 	Column 006: FEE_PAYOR_ID  
[2018-11-04 20:49:45][FYI] 	Column 007: FEE_PAYOR_END_DATE  
[2018-11-04 20:49:45][FYI] 	Column 008: CADIS_SYSTEM_INSERTED  
[2018-11-04 20:49:45][FYI] 	Column 009: CADIS_SYSTEM_UPDATED  
[2018-11-04 20:49:45][FYI] 	Column 010: CADIS_SYSTEM_CHANGEDBY  
[2018-11-04 20:49:45][FYI] 	Column 011: CADIS_SYSTEM_PRIORITY  
[2018-11-04 20:49:45][FYI] 	Column 012: CADIS_SYSTEM_LASTMODIFIED  
[2018-11-04 20:49:45][FYI] 	Column 013: LAST_ACTIVITY_OPERATOR_ID  
[2018-11-04 20:49:45][FYI] 	Column 014: LAST_ACTIVITY_DATETIME  
[2018-11-04 20:49:45][FYI] Processing Table 021 of 064: [APP].[T_MASTER_INVESTMENT_FOREIGN_COUNTRY_HISTORY]
[2018-11-04 20:49:45][FYI] Individual DDL File: ./Work/INIT_APP_FOR_CLIENT_HIST.APP.T_MASTER_INVESTMENT_FOREIGN_COUNTRY_HISTORY.sql
[2018-11-04 20:49:45][FYI] 	Column 001: CADIS_ID (Key.1)
[2018-11-04 20:49:45][FYI] 	Column 002: FOREIGN_INVESTING_COUNTRY_ID (Key.2)
[2018-11-04 20:49:45][FYI] 	Column 003: EFFECTIVE_DATE (Key.3)
[2018-11-04 20:49:45][FYI] 	Column 004: UPDATE_DATETIME (Key.4)
[2018-11-04 20:49:45][FYI] 	Column 005: FOREIGN_COUNTRY_INVESTING_NEED_ID  
[2018-11-04 20:49:45][FYI] 	Column 006: FOREIGN_COUNTRY_END_DATE  
[2018-11-04 20:49:45][FYI] 	Column 007: CADIS_SYSTEM_INSERTED  
[2018-11-04 20:49:45][FYI] 	Column 008: CADIS_SYSTEM_UPDATED  
[2018-11-04 20:49:45][FYI] 	Column 009: CADIS_SYSTEM_CHANGEDBY  
[2018-11-04 20:49:45][FYI] 	Column 010: CADIS_SYSTEM_PRIORITY  
[2018-11-04 20:49:45][FYI] 	Column 011: CADIS_SYSTEM_LASTMODIFIED  
[2018-11-04 20:49:45][FYI] 	Column 012: FOREIGN_CUSTODY_ACCOUNT_DATE  
[2018-11-04 20:49:45][FYI] 	Column 013: LAST_ACTIVITY_OPERATOR_ID  
[2018-11-04 20:49:45][FYI] 	Column 014: LAST_ACTIVITY_DATETIME  
[2018-11-04 20:49:45][FYI] Processing Table 022 of 064: [APP].[T_MASTER_INVESTMENT_GIA_HISTORY]
[2018-11-04 20:49:45][FYI] Individual DDL File: ./Work/INIT_APP_FOR_CLIENT_HIST.APP.T_MASTER_INVESTMENT_GIA_HISTORY.sql
[2018-11-04 20:49:45][FYI] 	Column 001: CADIS_ID (Key.1)
[2018-11-04 20:49:45][FYI] 	Column 002: GIA_ACCOUNT_NUMBER_UNIT_VALUE_CODE (Key.2)
[2018-11-04 20:49:45][FYI] 	Column 003: EFFECTIVE_DATE (Key.3)
[2018-11-04 20:49:45][FYI] 	Column 004: UPDATE_DATETIME (Key.4)
[2018-11-04 20:49:45][FYI] 	Column 005: GIA_PERFORMANCE_CALCULATION_METHOD_ID  
[2018-11-04 20:49:45][FYI] 	Column 006: END_DATE  
[2018-11-04 20:49:45][FYI] 	Column 007: CADIS_SYSTEM_INSERTED  
[2018-11-04 20:49:45][FYI] 	Column 008: CADIS_SYSTEM_UPDATED  
[2018-11-04 20:49:45][FYI] 	Column 009: CADIS_SYSTEM_CHANGEDBY  
[2018-11-04 20:49:45][FYI] 	Column 010: CADIS_SYSTEM_PRIORITY  
[2018-11-04 20:49:45][FYI] 	Column 011: CADIS_SYSTEM_LASTMODIFIED  
[2018-11-04 20:49:45][FYI] 	Column 012: LAST_ACTIVITY_OPERATOR_ID  
[2018-11-04 20:49:45][FYI] 	Column 013: LAST_ACTIVITY_DATETIME  
[2018-11-04 20:49:45][FYI] Processing Table 023 of 064: [APP].[T_MASTER_INVESTMENT_GROUP_HISTORY]
[2018-11-04 20:49:45][FYI] Individual DDL File: ./Work/INIT_APP_FOR_CLIENT_HIST.APP.T_MASTER_INVESTMENT_GROUP_HISTORY.sql
[2018-11-04 20:49:45][FYI] 	Column 001: CADIS_ID (Key.1)
[2018-11-04 20:49:45][FYI] 	Column 002: INVESTMENT_GROUP_ID (Key.2)
[2018-11-04 20:49:45][FYI] 	Column 003: EFFECTIVE_DATE (Key.3)
[2018-11-04 20:49:45][FYI] 	Column 004: UPDATE_DATETIME (Key.4)
[2018-11-04 20:49:45][FYI] 	Column 005: INVESTMENT_GROUP_END_DATE  
[2018-11-04 20:49:45][FYI] 	Column 006: CADIS_SYSTEM_INSERTED  
[2018-11-04 20:49:45][FYI] 	Column 007: CADIS_SYSTEM_UPDATED  
[2018-11-04 20:49:45][FYI] 	Column 008: CADIS_SYSTEM_CHANGEDBY  
[2018-11-04 20:49:45][FYI] 	Column 009: CADIS_SYSTEM_PRIORITY  
[2018-11-04 20:49:45][FYI] 	Column 010: CADIS_SYSTEM_LASTMODIFIED  
[2018-11-04 20:49:45][FYI] 	Column 011: LAST_ACTIVITY_OPERATOR_ID  
[2018-11-04 20:49:45][FYI] 	Column 012: LAST_ACTIVITY_DATETIME  
[2018-11-04 20:49:45][FYI] Processing Table 024 of 064: [APP].[T_MASTER_INVESTMENT_APP_PRICE_ID_XREF_HISTORY]
[2018-11-04 20:49:45][FYI] Individual DDL File: ./Work/INIT_APP_FOR_CLIENT_HIST.APP.T_MASTER_INVESTMENT_APP_PRICE_ID_XREF_HISTORY.sql
[2018-11-04 20:49:45][FYI] 	Column 001: APP_PRICE_ID (Key.1)
[2018-11-04 20:49:45][FYI] 	Column 002: XREF_KEY_TYPE_ID (Key.2)
[2018-11-04 20:49:45][FYI] 	Column 003: XREF_KEY_VALUE (Key.3)
[2018-11-04 20:49:45][FYI] 	Column 004: EFFECTIVE_DATE (Key.4)
[2018-11-04 20:49:45][FYI] 	Column 005: UPDATE_DATETIME (Key.5)
[2018-11-04 20:49:45][FYI] 	Column 006: EFFECTIVE_END_DATE  
[2018-11-04 20:49:45][FYI] 	Column 007: CADIS_SYSTEM_INSERTED  
[2018-11-04 20:49:45][FYI] 	Column 008: CADIS_SYSTEM_UPDATED  
[2018-11-04 20:49:45][FYI] 	Column 009: CADIS_SYSTEM_CHANGEDBY  
[2018-11-04 20:49:45][FYI] 	Column 010: CADIS_SYSTEM_PRIORITY  
[2018-11-04 20:49:45][FYI] 	Column 011: CADIS_SYSTEM_LASTMODIFIED  
[2018-11-04 20:49:45][FYI] 	Column 012: LAST_ACTIVITY_OPERATOR_ID  
[2018-11-04 20:49:45][FYI] 	Column 013: LAST_ACTIVITY_DATETIME  
[2018-11-04 20:49:45][FYI] Processing Table 025 of 064: [APP].[T_MASTER_INVESTMENT_IRS_PLAN_TYPE_AVAILABILITY_HISTORY]
[2018-11-04 20:49:45][FYI] Individual DDL File: ./Work/INIT_APP_FOR_CLIENT_HIST.APP.T_MASTER_INVESTMENT_IRS_PLAN_TYPE_AVAILABILITY_HISTORY.sql
[2018-11-04 20:49:45][FYI] 	Column 001: CADIS_ID (Key.1)
[2018-11-04 20:49:45][FYI] 	Column 002: IRS_PLAN_TYPE_ID (Key.2)
[2018-11-04 20:49:45][FYI] 	Column 003: EFFECTIVE_DATE (Key.3)
[2018-11-04 20:49:45][FYI] 	Column 004: UPDATE_DATETIME (Key.4)
[2018-11-04 20:49:45][FYI] 	Column 005: IRS_PLAN_TYPE_AVAILABILITY_INDICATOR  
[2018-11-04 20:49:45][FYI] 	Column 006: IRS_PLAN_TYPE_AVAILABILITY_END_DATE  
[2018-11-04 20:49:45][FYI] 	Column 007: CADIS_SYSTEM_INSERTED  
[2018-11-04 20:49:45][FYI] 	Column 008: CADIS_SYSTEM_UPDATED  
[2018-11-04 20:49:45][FYI] 	Column 009: CADIS_SYSTEM_CHANGEDBY  
[2018-11-04 20:49:45][FYI] 	Column 010: CADIS_SYSTEM_PRIORITY  
[2018-11-04 20:49:45][FYI] 	Column 011: CADIS_SYSTEM_LASTMODIFIED  
[2018-11-04 20:49:45][FYI] 	Column 012: LAST_ACTIVITY_OPERATOR_ID  
[2018-11-04 20:49:45][FYI] 	Column 013: LAST_ACTIVITY_DATETIME  
[2018-11-04 20:49:45][FYI] Processing Table 026 of 064: [APP].[T_MASTER_INVESTMENT_MANAGER_HISTORY]
[2018-11-04 20:49:45][FYI] Individual DDL File: ./Work/INIT_APP_FOR_CLIENT_HIST.APP.T_MASTER_INVESTMENT_MANAGER_HISTORY.sql
[2018-11-04 20:49:45][FYI] 	Column 001: CADIS_ID (Key.1)
[2018-11-04 20:49:45][FYI] 	Column 002: EFFECTIVE_DATE (Key.2)
[2018-11-04 20:49:45][FYI] 	Column 003: UPDATE_DATETIME (Key.3)
[2018-11-04 20:49:45][FYI] 	Column 004: INVESTMENT_MANAGER_ID  
[2018-11-04 20:49:45][FYI] 	Column 005: INVESTMENT_MANAGER_REPLACEMENT_DATE  
[2018-11-04 20:49:45][FYI] 	Column 006: TRANSITION_MANAGER_ID  
[2018-11-04 20:49:45][FYI] 	Column 007: TRANSITION_MANAGER_START_DATE  
[2018-11-04 20:49:45][FYI] 	Column 008: TRANSITION_MANAGER_END_DATE  
[2018-11-04 20:49:45][FYI] 	Column 009: INVESTMENT_MANAGER_END_DATE  
[2018-11-04 20:49:45][FYI] 	Column 010: CADIS_SYSTEM_INSERTED  
[2018-11-04 20:49:45][FYI] 	Column 011: CADIS_SYSTEM_UPDATED  
[2018-11-04 20:49:45][FYI] 	Column 012: CADIS_SYSTEM_CHANGEDBY  
[2018-11-04 20:49:45][FYI] 	Column 013: CADIS_SYSTEM_PRIORITY  
[2018-11-04 20:49:45][FYI] 	Column 014: OVERRIDE_3LINE_PERFORMANCE_INDICATOR  
[2018-11-04 20:49:45][FYI] 	Column 015: CADIS_SYSTEM_LASTMODIFIED  
[2018-11-04 20:49:45][FYI] 	Column 016: INVESTMENT_MANAGEMENT_AGREEMENT_DATE  
[2018-11-04 20:49:45][FYI] 	Column 017: LAST_ACTIVITY_OPERATOR_ID  
[2018-11-04 20:49:45][FYI] 	Column 018: LAST_ACTIVITY_DATETIME  
[2018-11-04 20:49:45][FYI] Processing Table 027 of 064: [APP].[T_MASTER_INVESTMENT_NOTES_HISTORY]
[2018-11-04 20:49:45][FYI] Individual DDL File: ./Work/INIT_APP_FOR_CLIENT_HIST.APP.T_MASTER_INVESTMENT_NOTES_HISTORY.sql
[2018-11-04 20:49:45][FYI] 	Column 001: CADIS_ID (Key.1)
[2018-11-04 20:49:45][FYI] 	Column 002: COMMENTS_TYPE_ID (Key.2)
[2018-11-04 20:49:45][FYI] 	Column 003: EFFECTIVE_DATE (Key.3)
[2018-11-04 20:49:45][FYI] 	Column 004: UPDATE_DATETIME (Key.4)
[2018-11-04 20:49:45][FYI] 	Column 005: COMMENTS_TEXT  
[2018-11-04 20:49:45][FYI] 	Column 006: COMMENTS_END_DATE  
[2018-11-04 20:49:45][FYI] 	Column 007: CADIS_SYSTEM_INSERTED  
[2018-11-04 20:49:45][FYI] 	Column 008: CADIS_SYSTEM_UPDATED  
[2018-11-04 20:49:45][FYI] 	Column 009: CADIS_SYSTEM_CHANGEDBY  
[2018-11-04 20:49:45][FYI] 	Column 010: CADIS_SYSTEM_PRIORITY  
[2018-11-04 20:49:45][FYI] 	Column 011: CADIS_SYSTEM_LASTMODIFIED  
[2018-11-04 20:49:45][FYI] 	Column 012: LAST_ACTIVITY_OPERATOR_ID  
[2018-11-04 20:49:45][FYI] 	Column 013: LAST_ACTIVITY_DATETIME  
[2018-11-04 20:49:45][FYI] Processing Table 028 of 064: [APP].[T_MASTER_INVESTMENT_PRICE_STRUCTURE_HISTORY]
[2018-11-04 20:49:45][FYI] Individual DDL File: ./Work/INIT_APP_FOR_CLIENT_HIST.APP.T_MASTER_INVESTMENT_PRICE_STRUCTURE_HISTORY.sql
[2018-11-04 20:49:45][FYI] 	Column 001: APP_PRICE_ID (Key.1)
[2018-11-04 20:49:45][FYI] 	Column 002: EFFECTIVE_DATE (Key.2)
[2018-11-04 20:49:45][FYI] 	Column 003: UPDATE_DATETIME (Key.3)
[2018-11-04 20:49:45][FYI] 	Column 004: CADIS_ID  
[2018-11-04 20:49:45][FYI] 	Column 005: INDUSTRY_STANDARD_CUSIP  
[2018-11-04 20:49:45][FYI] 	Column 006: FUND_OF_FUND_FEE_CALCULATION_TYPE_ID  
[2018-11-04 20:49:45][FYI] 	Column 007: TICKER  
[2018-11-04 20:49:45][FYI] 	Column 008: SERIES_ID  
[2018-11-04 20:49:45][FYI] 	Column 009: PRICE_TYPE  
[2018-11-04 20:49:45][FYI] 	Column 010: PRICE_POINT_EFFECTIVE_DATE  
[2018-11-04 20:49:45][FYI] 	Column 011: PRICE_POINT_INCEPTION_DATE  
[2018-11-04 20:49:45][FYI] 	Column 012: STANDARD_PRICE_POINT_INDICATOR  
[2018-11-04 20:49:45][FYI] 	Column 013: VALUATION_MANAGEMENT_FEE_PERCENT  
[2018-11-04 20:49:45][FYI] 	Column 014: VALUATION_MANAGEMENT_FEE_PERCENT_EFFECTIVE_DATE  
[2018-11-04 20:49:45][FYI] 	Column 015: VALUATION_MANAGEMENT_FEE_PERCENT_END_DATE  
[2018-11-04 20:49:45][FYI] 	Column 016: VALUATION_ASSET_CHARGE_PERCENT  
[2018-11-04 20:49:45][FYI] 	Column 017: VALUATION_ASSET_CHARGE_PERCENT_EFFECTIVE_DATE  
[2018-11-04 20:49:45][FYI] 	Column 018: VALUATION_ASSET_CHARGE_PERCENT_END_DATE  
[2018-11-04 20:49:45][FYI] 	Column 019: PRICE_POINT_CLOSE_DATE  
[2018-11-04 20:49:45][FYI] 	Column 020: CADIS_SYSTEM_INSERTED  
[2018-11-04 20:49:45][FYI] 	Column 021: CADIS_SYSTEM_UPDATED  
[2018-11-04 20:49:45][FYI] 	Column 022: CADIS_SYSTEM_CHANGEDBY  
[2018-11-04 20:49:45][FYI] 	Column 023: CADIS_SYSTEM_PRIORITY  
[2018-11-04 20:49:45][FYI] 	Column 024: CADIS_SYSTEM_LASTMODIFIED  
[2018-11-04 20:49:45][FYI] 	Column 025: LAST_ACTIVITY_OPERATOR_ID  
[2018-11-04 20:49:45][FYI] 	Column 026: LAST_ACTIVITY_DATETIME  
[2018-11-04 20:49:45][FYI] 	Column 027: GIA_ACCOUNT_NUMBER_UNIT_VALUE_CODE  
[2018-11-04 20:49:45][FYI] 	Column 028: GIA_SEGMENT_START_DATE  
[2018-11-04 20:49:45][FYI] 	Column 029: GIA_SEGMENT_END_DATE  
[2018-11-04 20:49:45][FYI] 	Column 030: NET_CREDITING_INTEREST_RATE  
[2018-11-04 20:49:45][FYI] 	Column 031: NET_NET_CREDITING_INTEREST_RATE  
[2018-11-04 20:49:45][FYI] 	Column 032: AFR_CONTRACT_NUMBER  
[2018-11-04 20:49:45][FYI] 	Column 033: AFR_CONTRACT_TYPE  
[2018-11-04 20:49:45][FYI] 	Column 034: AFR_FUND_ID  
[2018-11-04 20:49:45][FYI] 	Column 035: AFR_SUB_DIV  
[2018-11-04 20:49:45][FYI] 	Column 036: AFR_TAX_ID  
[2018-11-04 20:49:45][FYI] 	Column 037: AFR_TIE_BREAKER  
[2018-11-04 20:49:45][FYI] 	Column 038: DRV_GEN_YEAR  
[2018-11-04 20:49:45][FYI] 	Column 039: DRV_GEN_YEAR_PERIOD  
[2018-11-04 20:49:45][FYI] 	Column 040: DRV_GEN_YEAR_CLASS  
[2018-11-04 20:49:45][FYI] 	Column 041: DRV_BUSINESS_TYPE  
[2018-11-04 20:49:45][FYI] 	Column 042: DRV_SERVICE_TYPE  
[2018-11-04 20:49:45][FYI] 	Column 043: DRV_POOLING_TYPE_ID  
[2018-11-04 20:49:45][FYI] 	Column 044: RELATED_APP_PRICE_ID  
[2018-11-04 20:49:45][FYI] 	Column 045: SEGMENT_CODE  
[2018-11-04 20:49:45][FYI] 	Column 046: NEW_MONEY_CREDITING_INTEREST_RATE  
[2018-11-04 20:49:45][FYI] 	Column 047: OLD_MONEY_CREDITING_INTEREST_RATE  
[2018-11-04 20:49:45][FYI] Processing Table 029 of 064: [APP].[T_MASTER_INVESTMENT_PRICE_SUB_FEES_HISTORY]
[2018-11-04 20:49:45][FYI] Individual DDL File: ./Work/INIT_APP_FOR_CLIENT_HIST.APP.T_MASTER_INVESTMENT_PRICE_SUB_FEES_HISTORY.sql
[2018-11-04 20:49:45][FYI] 	Column 001: APP_PRICE_ID (Key.1)
[2018-11-04 20:49:45][FYI] 	Column 002: PRICE_SUB_FEE_TYPE_ID (Key.2)
[2018-11-04 20:49:45][FYI] 	Column 003: EFFECTIVE_DATE (Key.3)
[2018-11-04 20:49:45][FYI] 	Column 004: UPDATE_DATETIME (Key.4)
[2018-11-04 20:49:45][FYI] 	Column 005: PRICE_SUB_FEE_BASIS_POINT_PERCENT  
[2018-11-04 20:49:45][FYI] 	Column 006: PRICE_SUB_FEE_PERCENT_OF_PARENT_FEE  
[2018-11-04 20:49:45][FYI] 	Column 007: PRICE_FEE_TYPE_CODE  
[2018-11-04 20:49:45][FYI] 	Column 008: CADIS_SYSTEM_INSERTED  
[2018-11-04 20:49:45][FYI] 	Column 009: CADIS_SYSTEM_UPDATED  
[2018-11-04 20:49:45][FYI] 	Column 010: CADIS_SYSTEM_CHANGEDBY  
[2018-11-04 20:49:45][FYI] 	Column 011: CADIS_SYSTEM_PRIORITY  
[2018-11-04 20:49:45][FYI] 	Column 012: CADIS_SYSTEM_LASTMODIFIED  
[2018-11-04 20:49:45][FYI] 	Column 013: LAST_ACTIVITY_OPERATOR_ID  
[2018-11-04 20:49:45][FYI] 	Column 014: LAST_ACTIVITY_DATETIME  
[2018-11-04 20:49:45][FYI] Processing Table 030 of 064: [APP].[T_MASTER_INVESTMENT_PURCHASE_BLOCKING_HISTORY]
[2018-11-04 20:49:45][FYI] Individual DDL File: ./Work/INIT_APP_FOR_CLIENT_HIST.APP.T_MASTER_INVESTMENT_PURCHASE_BLOCKING_HISTORY.sql
[2018-11-04 20:49:45][FYI] 	Column 001: CADIS_ID (Key.1)
[2018-11-04 20:49:45][FYI] 	Column 002: EFFECTIVE_DATE (Key.2)
[2018-11-04 20:49:45][FYI] 	Column 003: UPDATE_DATETIME (Key.3)
[2018-11-04 20:49:45][FYI] 	Column 004: THRESHOLD_AMOUNT  
[2018-11-04 20:49:45][FYI] 	Column 005: BLOCKED_PERIOD_DAYS  
[2018-11-04 20:49:45][FYI] 	Column 006: DAY_BASIS_ID  
[2018-11-04 20:49:45][FYI] 	Column 007: END_DATE  
[2018-11-04 20:49:45][FYI] 	Column 008: CADIS_SYSTEM_INSERTED  
[2018-11-04 20:49:45][FYI] 	Column 009: CADIS_SYSTEM_UPDATED  
[2018-11-04 20:49:45][FYI] 	Column 010: CADIS_SYSTEM_CHANGEDBY  
[2018-11-04 20:49:45][FYI] 	Column 011: CADIS_SYSTEM_PRIORITY  
[2018-11-04 20:49:45][FYI] 	Column 012: CADIS_SYSTEM_LASTMODIFIED  
[2018-11-04 20:49:45][FYI] 	Column 013: LAST_ACTIVITY_OPERATOR_ID  
[2018-11-04 20:49:45][FYI] 	Column 014: LAST_ACTIVITY_DATETIME  
[2018-11-04 20:49:45][FYI] Processing Table 031 of 064: [APP].[T_MASTER_INVESTMENT_REDEMPTION_FEE_HISTORY]
[2018-11-04 20:49:45][FYI] Individual DDL File: ./Work/INIT_APP_FOR_CLIENT_HIST.APP.T_MASTER_INVESTMENT_REDEMPTION_FEE_HISTORY.sql
[2018-11-04 20:49:45][FYI] 	Column 001: CADIS_ID (Key.1)
[2018-11-04 20:49:45][FYI] 	Column 002: EFFECTIVE_DATE (Key.2)
[2018-11-04 20:49:45][FYI] 	Column 003: UPDATE_DATETIME (Key.3)
[2018-11-04 20:49:45][FYI] 	Column 004: FEE_PERCENT  
[2018-11-04 20:49:45][FYI] 	Column 005: HOLDING_PERIOD_DAYS  
[2018-11-04 20:49:45][FYI] 	Column 006: END_DATE  
[2018-11-04 20:49:45][FYI] 	Column 007: CADIS_SYSTEM_INSERTED  
[2018-11-04 20:49:45][FYI] 	Column 008: CADIS_SYSTEM_UPDATED  
[2018-11-04 20:49:45][FYI] 	Column 009: CADIS_SYSTEM_CHANGEDBY  
[2018-11-04 20:49:45][FYI] 	Column 010: CADIS_SYSTEM_PRIORITY  
[2018-11-04 20:49:45][FYI] 	Column 011: CADIS_SYSTEM_LASTMODIFIED  
[2018-11-04 20:49:45][FYI] 	Column 012: LAST_ACTIVITY_OPERATOR_ID  
[2018-11-04 20:49:45][FYI] 	Column 013: LAST_ACTIVITY_DATETIME  
[2018-11-04 20:49:45][FYI] Processing Table 032 of 064: [APP].[T_MASTER_INVESTMENT_REVENUE_SHARE_FEE_HISTORY]
[2018-11-04 20:49:45][FYI] Individual DDL File: ./Work/INIT_APP_FOR_CLIENT_HIST.APP.T_MASTER_INVESTMENT_REVENUE_SHARE_FEE_HISTORY.sql
[2018-11-04 20:49:45][FYI] 	Column 001: CADIS_ID (Key.1)
[2018-11-04 20:49:45][FYI] 	Column 002: REVENUE_SHARE_FEE_TYPE_ID (Key.2)
[2018-11-04 20:49:45][FYI] 	Column 003: HIGH_LEVEL_PLAN_TYPE_ID (Key.3)
[2018-11-04 20:49:45][FYI] 	Column 004: EFFECTIVE_DATE (Key.4)
[2018-11-04 20:49:45][FYI] 	Column 005: UPDATE_DATETIME (Key.5)
[2018-11-04 20:49:45][FYI] 	Column 006: REVENUE_SHARE_FEE_AMOUNT  
[2018-11-04 20:49:45][FYI] 	Column 007: REVENUE_SHARE_FEE_PERCENT  
[2018-11-04 20:49:45][FYI] 	Column 008: REVENUE_SHARE_FEE_END_DATE  
[2018-11-04 20:49:45][FYI] 	Column 009: CADIS_SYSTEM_INSERTED  
[2018-11-04 20:49:45][FYI] 	Column 010: CADIS_SYSTEM_UPDATED  
[2018-11-04 20:49:45][FYI] 	Column 011: CADIS_SYSTEM_CHANGEDBY  
[2018-11-04 20:49:45][FYI] 	Column 012: CADIS_SYSTEM_PRIORITY  
[2018-11-04 20:49:45][FYI] 	Column 013: CADIS_SYSTEM_LASTMODIFIED  
[2018-11-04 20:49:45][FYI] 	Column 014: LAST_ACTIVITY_OPERATOR_ID  
[2018-11-04 20:49:45][FYI] 	Column 015: LAST_ACTIVITY_DATETIME  
[2018-11-04 20:49:45][FYI] Processing Table 033 of 064: [APP].[T_MASTER_INVESTMENT_STATE_AVAILABILITY_HISTORY]
[2018-11-04 20:49:45][FYI] Individual DDL File: ./Work/INIT_APP_FOR_CLIENT_HIST.APP.T_MASTER_INVESTMENT_STATE_AVAILABILITY_HISTORY.sql
[2018-11-04 20:49:45][FYI] 	Column 001: CADIS_ID (Key.1)
[2018-11-04 20:49:45][FYI] 	Column 002: STATE_CODE (Key.2)
[2018-11-04 20:49:45][FYI] 	Column 003: EFFECTIVE_DATE (Key.3)
[2018-11-04 20:49:45][FYI] 	Column 004: UPDATE_DATETIME (Key.4)
[2018-11-04 20:49:45][FYI] 	Column 005: STATE_AVAILABILITY_DATE  
[2018-11-04 20:49:45][FYI] 	Column 006: STATE_AVAILABILITY_END_DATE  
[2018-11-04 20:49:45][FYI] 	Column 007: CADIS_SYSTEM_INSERTED  
[2018-11-04 20:49:45][FYI] 	Column 008: CADIS_SYSTEM_UPDATED  
[2018-11-04 20:49:45][FYI] 	Column 009: CADIS_SYSTEM_CHANGEDBY  
[2018-11-04 20:49:45][FYI] 	Column 010: CADIS_SYSTEM_PRIORITY  
[2018-11-04 20:49:45][FYI] 	Column 011: CADIS_SYSTEM_LASTMODIFIED  
[2018-11-04 20:49:45][FYI] 	Column 012: LAST_ACTIVITY_OPERATOR_ID  
[2018-11-04 20:49:45][FYI] 	Column 013: LAST_ACTIVITY_DATETIME  
[2018-11-04 20:49:45][FYI] Processing Table 034 of 064: [APP].[T_MASTER_PROPRIETARY_FUND_OF_FUND_HISTORY]
[2018-11-04 20:49:45][FYI] Individual DDL File: ./Work/INIT_APP_FOR_CLIENT_HIST.APP.T_MASTER_PROPRIETARY_FUND_OF_FUND_HISTORY.sql
[2018-11-04 20:49:45][FYI] 	Column 001: CADIS_ID (Key.1)
[2018-11-04 20:49:45][FYI] 	Column 002: UNDERLYING_PARIS_INVESTMENT_ID (Key.2)
[2018-11-04 20:49:45][FYI] 	Column 003: EFFECTIVE_DATE (Key.3)
[2018-11-04 20:49:45][FYI] 	Column 004: UPDATE_DATETIME (Key.4)
[2018-11-04 20:49:45][FYI] 	Column 005: UNDERLYING_INVESTMENT_CADIS_ID  
[2018-11-04 20:49:45][FYI] 	Column 006: TARGET_ALLOCATION_PERCENT  
[2018-11-04 20:49:45][FYI] 	Column 007: CASH_IN_PERCENT  
[2018-11-04 20:49:45][FYI] 	Column 008: CASH_OUT_PERCENT  
[2018-11-04 20:49:45][FYI] 	Column 009: ACTUAL_WEIGHTING_PERCENT  
[2018-11-04 20:49:45][FYI] 	Column 010: WITHDRAWAL_HIERARCHY_NUMBER  
[2018-11-04 20:49:45][FYI] 	Column 011: INVESTMENT_NAME  
[2018-11-04 20:49:45][FYI] 	Column 012: FUND_OF_FUND_INDICATOR  
[2018-11-04 20:49:45][FYI] 	Column 013: CADIS_SYSTEM_INSERTED  
[2018-11-04 20:49:45][FYI] 	Column 014: CADIS_SYSTEM_UPDATED  
[2018-11-04 20:49:45][FYI] 	Column 015: CADIS_SYSTEM_CHANGEDBY  
[2018-11-04 20:49:45][FYI] 	Column 016: CADIS_SYSTEM_PRIORITY  
[2018-11-04 20:49:45][FYI] 	Column 017: CADIS_SYSTEM_LASTMODIFIED  
[2018-11-04 20:49:45][FYI] 	Column 018: LAST_ACTIVITY_OPERATOR_ID  
[2018-11-04 20:49:45][FYI] 	Column 019: LAST_ACTIVITY_DATETIME  
[2018-11-04 20:49:45][FYI] Processing Table 035 of 064: [APP].[T_MASTER_PROPRIETARY_FUND_OF_FUND_PRICE_STRUCTURE_HISTORY]
[2018-11-04 20:49:45][FYI] Individual DDL File: ./Work/INIT_APP_FOR_CLIENT_HIST.APP.T_MASTER_PROPRIETARY_FUND_OF_FUND_PRICE_STRUCTURE_HISTORY.sql
[2018-11-04 20:49:45][FYI] 	Column 001: APP_PRICE_ID (Key.1)
[2018-11-04 20:49:45][FYI] 	Column 002: UNDERLYING_PARIS_INVESTMENT_ID (Key.2)
[2018-11-04 20:49:45][FYI] 	Column 003: EFFECTIVE_DATE (Key.3)
[2018-11-04 20:49:45][FYI] 	Column 004: UPDATE_DATETIME (Key.4)
[2018-11-04 20:49:45][FYI] 	Column 005: CADIS_ID  
[2018-11-04 20:49:45][FYI] 	Column 006: VALUATION_CALCULATION_RATE_TYPE_ID  
[2018-11-04 20:49:45][FYI] 	Column 007: VALUATION_CALCULATION_RATE  
[2018-11-04 20:49:45][FYI] 	Column 008: VALUATION_CALCULATION_RATE_CLOSE_DATE  
[2018-11-04 20:49:45][FYI] 	Column 009: CADIS_SYSTEM_INSERTED  
[2018-11-04 20:49:45][FYI] 	Column 010: CADIS_SYSTEM_UPDATED  
[2018-11-04 20:49:45][FYI] 	Column 011: CADIS_SYSTEM_CHANGEDBY  
[2018-11-04 20:49:45][FYI] 	Column 012: CADIS_SYSTEM_PRIORITY  
[2018-11-04 20:49:45][FYI] 	Column 013: CADIS_SYSTEM_LASTMODIFIED  
[2018-11-04 20:49:45][FYI] 	Column 014: LAST_ACTIVITY_OPERATOR_ID  
[2018-11-04 20:49:45][FYI] 	Column 015: LAST_ACTIVITY_DATETIME  
[2018-11-04 20:49:45][FYI] Processing Table 036 of 064: [APP].[T_MASTER_RELATED_BENCHMARK_HISTORY]
[2018-11-04 20:49:45][FYI] Individual DDL File: ./Work/INIT_APP_FOR_CLIENT_HIST.APP.T_MASTER_RELATED_BENCHMARK_HISTORY.sql
[2018-11-04 20:49:45][FYI] 	Column 001: UNIVERSAL_BENCHMARK_ID (Key.1)
[2018-11-04 20:49:45][FYI] 	Column 002: RELATED_UNIVERSAL_BENCHMARK_ID (Key.2)
[2018-11-04 20:49:45][FYI] 	Column 003: EFFECTIVE_DATE (Key.3)
[2018-11-04 20:49:45][FYI] 	Column 004: UPDATE_DATETIME (Key.4)
[2018-11-04 20:49:45][FYI] 	Column 005: END_DATE  
[2018-11-04 20:49:45][FYI] 	Column 006: CADIS_SYSTEM_INSERTED  
[2018-11-04 20:49:45][FYI] 	Column 007: CADIS_SYSTEM_UPDATED  
[2018-11-04 20:49:45][FYI] 	Column 008: CADIS_SYSTEM_CHANGEDBY  
[2018-11-04 20:49:45][FYI] 	Column 009: CADIS_SYSTEM_PRIORITY  
[2018-11-04 20:49:45][FYI] 	Column 010: CADIS_SYSTEM_LASTMODIFIED  
[2018-11-04 20:49:45][FYI] 	Column 011: LAST_ACTIVITY_OPERATOR_ID  
[2018-11-04 20:49:45][FYI] 	Column 012: LAST_ACTIVITY_DATETIME  
[2018-11-04 20:49:45][FYI] Processing Table 037 of 064: [APP].[T_REF_USAGE_TYPE]
[2018-11-04 20:49:45][FYI] Individual DDL File: ./Work/INIT_APP_FOR_CLIENT_HIST.APP.T_REF_USAGE_TYPE.sql
[2018-11-04 20:49:45][FYI] 	Column 001: USAGE_TYPE_ID (Key.1)
[2018-11-04 20:49:45][FYI] 	Column 002: EFFECTIVE_DATE (Key.2)
[2018-11-04 20:49:45][FYI] 	Column 003: USAGE_DESCRIPTION  
[2018-11-04 20:49:45][FYI] 	Column 004: END_DATE  
[2018-11-04 20:49:45][FYI] 	Column 005: LAST_ACTIVITY_OPERATOR_ID  
[2018-11-04 20:49:45][FYI] 	Column 006: LAST_ACTIVITY_DATETIME  
[2018-11-04 20:49:45][FYI] Processing Table 038 of 064: [APPPUB].[T_MASTER_ALLOCATION_BREAKDOWN]
[2018-11-04 20:49:45][FYI] Individual DDL File: ./Work/INIT_APP_FOR_CLIENT_HIST.APPPUB.T_MASTER_ALLOCATION_BREAKDOWN.sql
[2018-11-04 20:49:45][FYI] 	Column 001: CADIS_ID (Key.1)
[2018-11-04 20:49:45][FYI] 	Column 002: ALLOCATION_NAME (Key.2)
[2018-11-04 20:49:45][FYI] 	Column 003: EFFECTIVE_DATE (Key.3)
[2018-11-04 20:49:45][FYI] 	Column 004: DATA_SOURCE_ID  
[2018-11-04 20:49:45][FYI] 	Column 005: WEIGHTING  
[2018-11-04 20:49:45][FYI] 	Column 006: SORT_ORDER  
[2018-11-04 20:49:45][FYI] 	Column 007: LAST_ACTIVITY_OPERATOR_ID  
[2018-11-04 20:49:45][FYI] 	Column 008: LAST_ACTIVITY_DATETIME  
[2018-11-04 20:49:45][FYI] Processing Table 039 of 064: [APPPUB].[T_MASTER_BENCHMARK_BOND_SECTOR_BREAKDOWN]
[2018-11-04 20:49:45][FYI] Individual DDL File: ./Work/INIT_APP_FOR_CLIENT_HIST.APPPUB.T_MASTER_BENCHMARK_BOND_SECTOR_BREAKDOWN.sql
[2018-11-04 20:49:45][FYI] 	Column 001: UNIVERSAL_BENCHMARK_ID (Key.1)
[2018-11-04 20:49:45][FYI] 	Column 002: BOND_SECTOR_NAME (Key.2)
[2018-11-04 20:49:45][FYI] 	Column 003: EFFECTIVE_DATE (Key.3)
[2018-11-04 20:49:45][FYI] 	Column 004: DATA_SOURCE_ID  
[2018-11-04 20:49:45][FYI] 	Column 005: WEIGHTING  
[2018-11-04 20:49:45][FYI] 	Column 006: SORT_ORDER  
[2018-11-04 20:49:45][FYI] 	Column 007: LAST_ACTIVITY_OPERATOR_ID  
[2018-11-04 20:49:45][FYI] 	Column 008: LAST_ACTIVITY_DATETIME  
[2018-11-04 20:49:45][FYI] Processing Table 040 of 064: [APPPUB].[T_MASTER_BENCHMARK_CREDIT_QUALITY_BREAKDOWN]
[2018-11-04 20:49:45][FYI] Individual DDL File: ./Work/INIT_APP_FOR_CLIENT_HIST.APPPUB.T_MASTER_BENCHMARK_CREDIT_QUALITY_BREAKDOWN.sql
[2018-11-04 20:49:45][FYI] 	Column 001: UNIVERSAL_BENCHMARK_ID (Key.1)
[2018-11-04 20:49:45][FYI] 	Column 002: CREDIT_QUALITY_DESIGNATION (Key.2)
[2018-11-04 20:49:45][FYI] 	Column 003: EFFECTIVE_DATE (Key.3)
[2018-11-04 20:49:45][FYI] 	Column 004: DATA_SOURCE_ID  
[2018-11-04 20:49:45][FYI] 	Column 005: WEIGHTING  
[2018-11-04 20:49:45][FYI] 	Column 006: SORT_ORDER  
[2018-11-04 20:49:45][FYI] 	Column 007: LAST_ACTIVITY_OPERATOR_ID  
[2018-11-04 20:49:45][FYI] 	Column 008: LAST_ACTIVITY_DATETIME  
[2018-11-04 20:49:45][FYI] Processing Table 041 of 064: [APPPUB].[T_MASTER_BENCHMARK_FOOTNOTE_DISCLOSURE]
[2018-11-04 20:49:45][FYI] Individual DDL File: ./Work/INIT_APP_FOR_CLIENT_HIST.APPPUB.T_MASTER_BENCHMARK_FOOTNOTE_DISCLOSURE.sql
[2018-11-04 20:49:45][FYI] 	Column 001: UNIVERSAL_BENCHMARK_ID (Key.1)
[2018-11-04 20:49:45][FYI] 	Column 002: TEXT_ID (Key.2)
[2018-11-04 20:49:45][FYI] 	Column 003: EFFECTIVE_DATE (Key.3)
[2018-11-04 20:49:45][FYI] 	Column 004: LAST_ACTIVITY_OPERATOR_ID  
[2018-11-04 20:49:45][FYI] 	Column 005: LAST_ACTIVITY_DATETIME  
[2018-11-04 20:49:45][FYI] 	Column 006: SORT_ORDER  
[2018-11-04 20:49:45][FYI] Processing Table 042 of 064: [APPPUB].[T_MASTER_BENCHMARK_PORTFOLIO_STATISTIC]
[2018-11-04 20:49:45][FYI] Individual DDL File: ./Work/INIT_APP_FOR_CLIENT_HIST.APPPUB.T_MASTER_BENCHMARK_PORTFOLIO_STATISTIC.sql
[2018-11-04 20:49:45][FYI] 	Column 001: UNIVERSAL_BENCHMARK_ID (Key.1)
[2018-11-04 20:49:45][FYI] 	Column 002: EFFECTIVE_DATE (Key.2)
[2018-11-04 20:49:45][FYI] 	Column 003: DATA_SOURCE_ID  
[2018-11-04 20:49:45][FYI] 	Column 004: PORTFOLIO_DATE  
[2018-11-04 20:49:45][FYI] 	Column 005: WEIGHTED_GEOMETRIC_MARKET_CAP  
[2018-11-04 20:49:45][FYI] 	Column 006: WEIGHTED_MEDIAN_MARKET_CAP  
[2018-11-04 20:49:45][FYI] 	Column 007: WEIGHTED_MARKET_CAP  
[2018-11-04 20:49:45][FYI] 	Column 008: PRICE_EARNING_FORWARD_RATIO  
[2018-11-04 20:49:45][FYI] 	Column 009: PRICE_BOOK_RATIO  
[2018-11-04 20:49:45][FYI] 	Column 010: ADJ_TRAILING_PRICE_EARNING_RATIO  
[2018-11-04 20:49:45][FYI] 	Column 011: EARNING_GROWTH_RATE_3_YEAR  
[2018-11-04 20:49:45][FYI] 	Column 012: EARNING_GROWTH_RATE_5_YEAR  
[2018-11-04 20:49:45][FYI] 	Column 013: EFFECTIVE_DURATION  
[2018-11-04 20:49:45][FYI] 	Column 014: AVERAGE_MATURITY  
[2018-11-04 20:49:45][FYI] 	Column 015: PORTFOLIO_TURNOVER  
[2018-11-04 20:49:45][FYI] 	Column 016: YIELD_TO_WORST  
[2018-11-04 20:49:45][FYI] 	Column 017: MODIFIED_DURATION  
[2018-11-04 20:49:45][FYI] 	Column 018: DECLARED_RATE  
[2018-11-04 20:49:45][FYI] 	Column 019: AVERAGE_CREDIT_QUALITY  
[2018-11-04 20:49:45][FYI] 	Column 020: AVERAGE_WEIGHTED_COUPON  
[2018-11-04 20:49:45][FYI] 	Column 021: YIELD_TO_MATURITY  
[2018-11-04 20:49:45][FYI] 	Column 022: CURRENT_YIELD  
[2018-11-04 20:49:45][FYI] 	Column 023: PORTFOLIO_WEIGHTING  
[2018-11-04 20:49:45][FYI] 	Column 024: DIVIDEND_YIELD  
[2018-11-04 20:49:45][FYI] 	Column 025: NOMINAL_YIELD  
[2018-11-04 20:49:45][FYI] 	Column 026: RETURN_ON_EQUITY  
[2018-11-04 20:49:45][FYI] 	Column 027: SHORT_TERM_ASSET_AMOUNT  
[2018-11-04 20:49:45][FYI] 	Column 028: LAST_ACTIVITY_OPERATOR_ID  
[2018-11-04 20:49:45][FYI] 	Column 029: LAST_ACTIVITY_DATETIME  
[2018-11-04 20:49:45][FYI] 	Column 030: NUMBER_OF_HOLDING  
[2018-11-04 20:49:45][FYI] 	Column 031: AVERAGE_EFFECTIVE_DURATION  
[2018-11-04 20:49:45][FYI] 	Column 032: TOTAL_HIGH_YIELD_EXPOSURE  
[2018-11-04 20:49:45][FYI] 	Column 033: EMERGING_MARKET_EXPOSURE  
[2018-11-04 20:49:45][FYI] 	Column 034: MEDIAN_MARKET_CAP  
[2018-11-04 20:49:45][FYI] Processing Table 043 of 064: [APPPUB].[T_MASTER_BENCHMARK_STOCK_SECTOR_BREAKDOWN]
[2018-11-04 20:49:45][FYI] Individual DDL File: ./Work/INIT_APP_FOR_CLIENT_HIST.APPPUB.T_MASTER_BENCHMARK_STOCK_SECTOR_BREAKDOWN.sql
[2018-11-04 20:49:45][FYI] 	Column 001: UNIVERSAL_BENCHMARK_ID (Key.1)
[2018-11-04 20:49:45][FYI] 	Column 002: STOCK_SECTOR_NAME (Key.2)
[2018-11-04 20:49:45][FYI] 	Column 003: EFFECTIVE_DATE (Key.3)
[2018-11-04 20:49:45][FYI] 	Column 004: DATA_SOURCE_ID  
[2018-11-04 20:49:45][FYI] 	Column 005: WEIGHTING  
[2018-11-04 20:49:45][FYI] 	Column 006: SORT_ORDER  
[2018-11-04 20:49:45][FYI] 	Column 007: LAST_ACTIVITY_OPERATOR_ID  
[2018-11-04 20:49:45][FYI] 	Column 008: LAST_ACTIVITY_DATETIME  
[2018-11-04 20:49:45][FYI] Processing Table 044 of 064: [APPPUB].[T_MASTER_BOND_SECTOR_BREAKDOWN]
[2018-11-04 20:49:45][FYI] Individual DDL File: ./Work/INIT_APP_FOR_CLIENT_HIST.APPPUB.T_MASTER_BOND_SECTOR_BREAKDOWN.sql
[2018-11-04 20:49:45][FYI] 	Column 001: CADIS_ID (Key.1)
[2018-11-04 20:49:45][FYI] 	Column 002: BOND_SECTOR_NAME (Key.2)
[2018-11-04 20:49:45][FYI] 	Column 003: EFFECTIVE_DATE (Key.3)
[2018-11-04 20:49:45][FYI] 	Column 004: DATA_SOURCE_ID  
[2018-11-04 20:49:45][FYI] 	Column 005: WEIGHTING  
[2018-11-04 20:49:45][FYI] 	Column 006: SORT_ORDER  
[2018-11-04 20:49:45][FYI] 	Column 007: LAST_ACTIVITY_OPERATOR_ID  
[2018-11-04 20:49:45][FYI] 	Column 008: LAST_ACTIVITY_DATETIME  
[2018-11-04 20:49:45][FYI] Processing Table 045 of 064: [APPPUB].[T_MASTER_COMMODITY_BREAKDOWN]
[2018-11-04 20:49:45][FYI] Individual DDL File: ./Work/INIT_APP_FOR_CLIENT_HIST.APPPUB.T_MASTER_COMMODITY_BREAKDOWN.sql
[2018-11-04 20:49:45][FYI] 	Column 001: CADIS_ID (Key.1)
[2018-11-04 20:49:45][FYI] 	Column 002: COMMODITY_NAME (Key.2)
[2018-11-04 20:49:45][FYI] 	Column 003: EFFECTIVE_DATE (Key.3)
[2018-11-04 20:49:45][FYI] 	Column 004: DATA_SOURCE_ID  
[2018-11-04 20:49:45][FYI] 	Column 005: WEIGHTING  
[2018-11-04 20:49:45][FYI] 	Column 006: SORT_ORDER  
[2018-11-04 20:49:45][FYI] 	Column 007: LAST_ACTIVITY_OPERATOR_ID  
[2018-11-04 20:49:45][FYI] 	Column 008: LAST_ACTIVITY_DATETIME  
[2018-11-04 20:49:45][FYI] Processing Table 046 of 064: [APPPUB].[T_MASTER_COUNTRY_BREAKDOWN]
[2018-11-04 20:49:45][FYI] Individual DDL File: ./Work/INIT_APP_FOR_CLIENT_HIST.APPPUB.T_MASTER_COUNTRY_BREAKDOWN.sql
[2018-11-04 20:49:45][FYI] 	Column 001: CADIS_ID (Key.1)
[2018-11-04 20:49:45][FYI] 	Column 002: COUNTRY_NAME (Key.2)
[2018-11-04 20:49:45][FYI] 	Column 003: EFFECTIVE_DATE (Key.3)
[2018-11-04 20:49:45][FYI] 	Column 004: DATA_SOURCE_ID  
[2018-11-04 20:49:45][FYI] 	Column 005: WEIGHTING  
[2018-11-04 20:49:45][FYI] 	Column 006: SORT_ORDER  
[2018-11-04 20:49:45][FYI] 	Column 007: LAST_ACTIVITY_OPERATOR_ID  
[2018-11-04 20:49:45][FYI] 	Column 008: LAST_ACTIVITY_DATETIME  
[2018-11-04 20:49:45][FYI] Processing Table 047 of 064: [APPPUB].[T_MASTER_CREDIT_QUALITY_BREAKDOWN]
[2018-11-04 20:49:45][FYI] Individual DDL File: ./Work/INIT_APP_FOR_CLIENT_HIST.APPPUB.T_MASTER_CREDIT_QUALITY_BREAKDOWN.sql
[2018-11-04 20:49:45][FYI] 	Column 001: CADIS_ID (Key.1)
[2018-11-04 20:49:45][FYI] 	Column 002: EFFECTIVE_DATE (Key.3)
[2018-11-04 20:49:45][FYI] 	Column 003: DATA_SOURCE_ID  
[2018-11-04 20:49:45][FYI] 	Column 004: LAST_ACTIVITY_OPERATOR_ID  
[2018-11-04 20:49:45][FYI] 	Column 005: LAST_ACTIVITY_DATETIME  
[2018-11-04 20:49:45][FYI] 	Column 006: CREDIT_QUALITY_DESIGNATION (Key.2)
[2018-11-04 20:49:45][FYI] 	Column 007: WEIGHTING  
[2018-11-04 20:49:45][FYI] 	Column 008: SORT_ORDER  
[2018-11-04 20:49:45][FYI] Processing Table 048 of 064: [APPPUB].[T_MASTER_CREDIT_QUALITY_RATING_AGENCY]
[2018-11-04 20:49:45][FYI] Individual DDL File: ./Work/INIT_APP_FOR_CLIENT_HIST.APPPUB.T_MASTER_CREDIT_QUALITY_RATING_AGENCY.sql
[2018-11-04 20:49:45][FYI] 	Column 001: CADIS_ID (Key.1)
[2018-11-04 20:49:45][FYI] 	Column 002: CREDIT_QUALITY_RATING_AGENCY_ID (Key.2)
[2018-11-04 20:49:45][FYI] 	Column 003: EFFECTIVE_DATE (Key.3)
[2018-11-04 20:49:45][FYI] 	Column 004: DATA_SOURCE_ID  
[2018-11-04 20:49:45][FYI] 	Column 005: SORT_ORDER  
[2018-11-04 20:49:45][FYI] 	Column 006: LAST_ACTIVITY_OPERATOR_ID  
[2018-11-04 20:49:45][FYI] 	Column 007: LAST_ACTIVITY_DATETIME  
[2018-11-04 20:49:45][FYI] Processing Table 049 of 064: [APPPUB].[T_MASTER_GEOGRAPHIC_BREAKDOWN]
[2018-11-04 20:49:45][FYI] Individual DDL File: ./Work/INIT_APP_FOR_CLIENT_HIST.APPPUB.T_MASTER_GEOGRAPHIC_BREAKDOWN.sql
[2018-11-04 20:49:45][FYI] 	Column 001: CADIS_ID (Key.1)
[2018-11-04 20:49:45][FYI] 	Column 002: GEOGRAPHIC_NAME (Key.2)
[2018-11-04 20:49:45][FYI] 	Column 003: EFFECTIVE_DATE (Key.3)
[2018-11-04 20:49:45][FYI] 	Column 004: DATA_SOURCE_ID  
[2018-11-04 20:49:45][FYI] 	Column 005: WEIGHTING  
[2018-11-04 20:49:45][FYI] 	Column 006: SORT_ORDER  
[2018-11-04 20:49:45][FYI] 	Column 007: LAST_ACTIVITY_OPERATOR_ID  
[2018-11-04 20:49:45][FYI] 	Column 008: LAST_ACTIVITY_DATETIME  
[2018-11-04 20:49:45][FYI] Processing Table 050 of 064: [APPPUB].[T_MASTER_GIA_FOOTNOTE_DISCLOSURE]
[2018-11-04 20:49:45][FYI] Individual DDL File: ./Work/INIT_APP_FOR_CLIENT_HIST.APPPUB.T_MASTER_GIA_FOOTNOTE_DISCLOSURE.sql
[2018-11-04 20:49:45][FYI] 	Column 001: CADIS_ID (Key.1)
[2018-11-04 20:49:45][FYI] 	Column 002: GIA_ACCOUNT_NUMBER_UNIT_VALUE_CODE (Key.2)
[2018-11-04 20:49:45][FYI] 	Column 003: TEXT_ID (Key.3)
[2018-11-04 20:49:45][FYI] 	Column 004: EFFECTIVE_DATE (Key.4)
[2018-11-04 20:49:45][FYI] 	Column 005: SORT_ORDER  
[2018-11-04 20:49:45][FYI] 	Column 006: LAST_ACTIVITY_OPERATOR_ID  
[2018-11-04 20:49:45][FYI] 	Column 007: LAST_ACTIVITY_DATETIME  
[2018-11-04 20:49:45][FYI] Processing Table 051 of 064: [APPPUB].[T_MASTER_HOLDING_BREAKDOWN]
[2018-11-04 20:49:45][FYI] Individual DDL File: ./Work/INIT_APP_FOR_CLIENT_HIST.APPPUB.T_MASTER_HOLDING_BREAKDOWN.sql
[2018-11-04 20:49:45][FYI] 	Column 001: CADIS_ID (Key.1)
[2018-11-04 20:49:45][FYI] 	Column 002: HOLDING_NAME  
[2018-11-04 20:49:45][FYI] 	Column 003: EFFECTIVE_DATE (Key.3)
[2018-11-04 20:49:45][FYI] 	Column 004: DATA_SOURCE_ID  
[2018-11-04 20:49:45][FYI] 	Column 005: WEIGHTING  
[2018-11-04 20:49:45][FYI] 	Column 006: LAST_ACTIVITY_OPERATOR_ID  
[2018-11-04 20:49:45][FYI] 	Column 007: LAST_ACTIVITY_DATETIME  
[2018-11-04 20:49:45][FYI] 	Column 008: TICKER  
[2018-11-04 20:49:45][FYI] 	Column 009: INDUSTRY_STANDARD_CUSIP  
[2018-11-04 20:49:45][FYI] 	Column 010: SEDOL  
[2018-11-04 20:49:45][FYI] 	Column 011: ISIN  
[2018-11-04 20:49:45][FYI] 	Column 012: SIC_CODE  
[2018-11-04 20:49:45][FYI] 	Column 013: SIC_DESCRIPTION  
[2018-11-04 20:49:45][FYI] 	Column 014: ASSET_TYPE  
[2018-11-04 20:49:45][FYI] 	Column 015: DOMICILE_COUNTRY  
[2018-11-04 20:49:45][FYI] 	Column 016: CURRENCY  
[2018-11-04 20:49:45][FYI] 	Column 017: MATURITY_DATE  
[2018-11-04 20:49:45][FYI] 	Column 018: COUPON_RATE  
[2018-11-04 20:49:45][FYI] 	Column 019: S_P_CREDIT_QUALITY_DESIGNATION  
[2018-11-04 20:49:45][FYI] 	Column 020: MINOR_ISSUE_GROUP_DESC  
[2018-11-04 20:49:45][FYI] 	Column 021: NOMINAL_AMOUNT  
[2018-11-04 20:49:45][FYI] 	Column 022: BOOK_VALUE_BASE_AMOUNT  
[2018-11-04 20:49:45][FYI] 	Column 023: MARKET_VALUE_BASE_AMOUNT  
[2018-11-04 20:49:45][FYI] 	Column 024: COST_BASE_AMOUNT  
[2018-11-04 20:49:45][FYI] 	Column 025: ACCRUED_INCOME_BASE_AMOUNT  
[2018-11-04 20:49:45][FYI] 	Column 026: SECURITY_IDENTIFIER  
[2018-11-04 20:49:45][FYI] 	Column 027: INCLUDE_EXCLUDE_INDICATOR  
[2018-11-04 20:49:45][FYI] 	Column 028: LONG_SHORT_DESCRIPTION  
[2018-11-04 20:49:45][FYI] 	Column 029: HOLDING_SEQUENCE_NUMBER (Key.2)
[2018-11-04 20:49:45][FYI] Processing Table 052 of 064: [APPPUB].[T_MASTER_HOLDING_SUMMARY]
[2018-11-04 20:49:45][FYI] Individual DDL File: ./Work/INIT_APP_FOR_CLIENT_HIST.APPPUB.T_MASTER_HOLDING_SUMMARY.sql
[2018-11-04 20:49:45][FYI] 	Column 001: CADIS_ID (Key.1)
[2018-11-04 20:49:45][FYI] 	Column 002: EFFECTIVE_DATE (Key.2)
[2018-11-04 20:49:45][FYI] 	Column 003: DATA_SOURCE_ID  
[2018-11-04 20:49:45][FYI] 	Column 004: NUMBER_OF_HOLDING  
[2018-11-04 20:49:45][FYI] 	Column 005: TOP10_HOLDING_PERCENTAGE  
[2018-11-04 20:49:45][FYI] 	Column 006: LAST_ACTIVITY_OPERATOR_ID  
[2018-11-04 20:49:45][FYI] 	Column 007: LAST_ACTIVITY_DATETIME  
[2018-11-04 20:49:45][FYI] 	Column 008: TOP5_HOLDING_PERCENTAGE  
[2018-11-04 20:49:45][FYI] Processing Table 053 of 064: [APPPUB].[T_MASTER_INVESTMENT_FUND_TYPE]
[2018-11-04 20:49:45][FYI] Individual DDL File: ./Work/INIT_APP_FOR_CLIENT_HIST.APPPUB.T_MASTER_INVESTMENT_FUND_TYPE.sql
[2018-11-04 20:49:45][FYI] 	Column 001: APP_PRICE_ID (Key.1)
[2018-11-04 20:49:45][FYI] 	Column 002: EFFECTIVE_DATE (Key.2)
[2018-11-04 20:49:45][FYI] 	Column 003: FUND_TYPE_CODE  
[2018-11-04 20:49:45][FYI] 	Column 004: FUND_TYPE_DESCRIPTION  
[2018-11-04 20:49:45][FYI] 	Column 005: FUND_SUB_TYPE_CODE  
[2018-11-04 20:49:45][FYI] 	Column 006: FUND_SUBTYPE_DESCRIPTION  
[2018-11-04 20:49:45][FYI] 	Column 007: FUND_INV_TYPE  
[2018-11-04 20:49:45][FYI] 	Column 008: END_DATE  
[2018-11-04 20:49:45][FYI] 	Column 009: LAST_ACTIVITY_OPERATOR_ID  
[2018-11-04 20:49:45][FYI] 	Column 010: LAST_ACTIVITY_DATETIME  
[2018-11-04 20:49:45][FYI] Processing Table 054 of 064: [APPPUB].[T_MASTER_INVESTMENT_MANAGED_ACCOUNT]
[2018-11-04 20:49:45][FYI] Individual DDL File: ./Work/INIT_APP_FOR_CLIENT_HIST.APPPUB.T_MASTER_INVESTMENT_MANAGED_ACCOUNT.sql
[2018-11-04 20:49:45][FYI] 	Column 001: APP_PRICE_ID  
[2018-11-04 20:49:45][FYI] 	Column 002: EFFECTIVE_DATE  
[2018-11-04 20:49:45][FYI] 	Column 003: MSTAR_KEY_OVERRIDE_CODE  
[2018-11-04 20:49:45][FYI] 	Column 004: MSTAR_KEY_OVERRIDE_DESCRIPTION  
[2018-11-04 20:49:45][FYI] 	Column 005: END_DATE  
[2018-11-04 20:49:45][FYI] 	Column 006: LAST_ACTIVITY_OPERATOR_ID  
[2018-11-04 20:49:45][FYI] 	Column 007: LAST_ACTIVITY_DATETIME  
[2018-11-04 20:49:45][FYI] Processing Table 055 of 064: [APPPUB].[T_MASTER_INVESTMENT_PORTFOLIO_MANAGER]
[2018-11-04 20:49:45][FYI] Individual DDL File: ./Work/INIT_APP_FOR_CLIENT_HIST.APPPUB.T_MASTER_INVESTMENT_PORTFOLIO_MANAGER.sql
[2018-11-04 20:49:45][FYI] 	Column 001: CADIS_ID (Key.1)
[2018-11-04 20:49:45][FYI] 	Column 002: PORTFOLIO_MANAGER_ID (Key.2)
[2018-11-04 20:49:45][FYI] 	Column 003: EFFECTIVE_DATE (Key.3)
[2018-11-04 20:49:45][FYI] 	Column 004: DATA_SOURCE_ID  
[2018-11-04 20:49:45][FYI] 	Column 005: SORT_ORDER  
[2018-11-04 20:49:45][FYI] 	Column 006: TENURE  
[2018-11-04 20:49:45][FYI] 	Column 007: TENURE_DATE  
[2018-11-04 20:49:45][FYI] 	Column 008: LAST_ACTIVITY_OPERATOR_ID  
[2018-11-04 20:49:45][FYI] 	Column 009: LAST_ACTIVITY_DATETIME  
[2018-11-04 20:49:45][FYI] Processing Table 056 of 064: [APPPUB].[T_MASTER_INVESTMENT_TEXT]
[2018-11-04 20:49:45][FYI] Individual DDL File: ./Work/INIT_APP_FOR_CLIENT_HIST.APPPUB.T_MASTER_INVESTMENT_TEXT.sql
[2018-11-04 20:49:45][FYI] 	Column 001: CADIS_ID (Key.1)
[2018-11-04 20:49:45][FYI] 	Column 002: TEXT_TYPE_ID (Key.2)
[2018-11-04 20:49:45][FYI] 	Column 003: EFFECTIVE_DATE (Key.3)
[2018-11-04 20:49:45][FYI] 	Column 004: DATA_SOURCE_ID  
[2018-11-04 20:49:45][FYI] 	Column 005: TEXT  
[2018-11-04 20:49:45][FYI] 	Column 006: LAST_ACTIVITY_OPERATOR_ID  
[2018-11-04 20:49:45][FYI] 	Column 007: LAST_ACTIVITY_DATETIME  
[2018-11-04 20:49:45][FYI] Processing Table 057 of 064: [APPPUB].[T_MASTER_MATURITY]
[2018-11-04 20:49:45][FYI] Individual DDL File: ./Work/INIT_APP_FOR_CLIENT_HIST.APPPUB.T_MASTER_MATURITY.sql
[2018-11-04 20:49:45][FYI] 	Column 001: CADIS_ID (Key.1)
[2018-11-04 20:49:45][FYI] 	Column 002: MATURITY_TIME_PERIOD (Key.2)
[2018-11-04 20:49:45][FYI] 	Column 003: EFFECTIVE_DATE (Key.3)
[2018-11-04 20:49:45][FYI] 	Column 004: DATA_SOURCE_ID  
[2018-11-04 20:49:45][FYI] 	Column 005: WEIGHTING  
[2018-11-04 20:49:45][FYI] 	Column 006: SORT_ORDER  
[2018-11-04 20:49:45][FYI] 	Column 007: LAST_ACTIVITY_OPERATOR_ID  
[2018-11-04 20:49:45][FYI] 	Column 008: LAST_ACTIVITY_DATETIME  
[2018-11-04 20:49:45][FYI] Processing Table 058 of 064: [APPPUB].[T_MASTER_MATURITY_BREAKDOWN]
[2018-11-04 20:49:45][FYI] Individual DDL File: ./Work/INIT_APP_FOR_CLIENT_HIST.APPPUB.T_MASTER_MATURITY_BREAKDOWN.sql
[2018-11-04 20:49:45][FYI] 	Column 001: CADIS_ID (Key.1)
[2018-11-04 20:49:45][FYI] 	Column 002: EFFECTIVE_DATE (Key.2)
[2018-11-04 20:49:45][FYI] 	Column 003: DATA_SOURCE_ID  
[2018-11-04 20:49:45][FYI] 	Column 004: RANGE_1_TO_7_DAYS  
[2018-11-04 20:49:45][FYI] 	Column 005: RANGE_8_TO_30_DAYS  
[2018-11-04 20:49:45][FYI] 	Column 006: RANGE_31_TO_60_DAYS  
[2018-11-04 20:49:45][FYI] 	Column 007: RANGE_61_TO_90_DAYS  
[2018-11-04 20:49:45][FYI] 	Column 008: RANGE_91_TO_180_DAYS  
[2018-11-04 20:49:45][FYI] 	Column 009: RANGE_181_TO_360_DAYS  
[2018-11-04 20:49:45][FYI] 	Column 010: LAST_ACTIVITY_OPERATOR_ID  
[2018-11-04 20:49:45][FYI] 	Column 011: LAST_ACTIVITY_DATETIME  
[2018-11-04 20:49:45][FYI] Processing Table 059 of 064: [APPPUB].[T_MASTER_MSTAR_CATEGORY_STATISTIC]
[2018-11-04 20:49:45][FYI] Individual DDL File: ./Work/INIT_APP_FOR_CLIENT_HIST.APPPUB.T_MASTER_MSTAR_CATEGORY_STATISTIC.sql
[2018-11-04 20:49:45][FYI] 	Column 001: MSTAR_CATEGORY_ID (Key.1)
[2018-11-04 20:49:45][FYI] 	Column 002: EFFECTIVE_DATE (Key.2)
[2018-11-04 20:49:45][FYI] 	Column 003: DATA_SOURCE_ID  
[2018-11-04 20:49:45][FYI] 	Column 004: CATEGORY_RANK  
[2018-11-04 20:49:45][FYI] 	Column 005: FUND_COUNT_CATEGORY_3_YEAR  
[2018-11-04 20:49:45][FYI] 	Column 006: FUND_COUNT_CATEGORY_5_YEAR  
[2018-11-04 20:49:45][FYI] 	Column 007: FUND_COUNT_CATEGORY_10_YEAR  
[2018-11-04 20:49:45][FYI] 	Column 008: LAST_ACTIVITY_OPERATOR_ID  
[2018-11-04 20:49:45][FYI] 	Column 009: LAST_ACTIVITY_DATETIME  
[2018-11-04 20:49:45][FYI] Processing Table 060 of 064: [APPPUB].[T_MASTER_PERFORMANCE_IMPACT]
[2018-11-04 20:49:45][FYI] Individual DDL File: ./Work/INIT_APP_FOR_CLIENT_HIST.APPPUB.T_MASTER_PERFORMANCE_IMPACT.sql
[2018-11-04 20:49:45][FYI] 	Column 001: CADIS_ID (Key.1)
[2018-11-04 20:49:45][FYI] 	Column 002: PERFORMANCE_IMPACT_NAME (Key.2)
[2018-11-04 20:49:45][FYI] 	Column 003: EFFECTIVE_DATE (Key.3)
[2018-11-04 20:49:45][FYI] 	Column 004: DATA_SOURCE_ID  
[2018-11-04 20:49:45][FYI] 	Column 005: WEIGHTING  
[2018-11-04 20:49:45][FYI] 	Column 006: SORT_ORDER  
[2018-11-04 20:49:45][FYI] 	Column 007: LAST_ACTIVITY_OPERATOR_ID  
[2018-11-04 20:49:45][FYI] 	Column 008: LAST_ACTIVITY_DATETIME  
[2018-11-04 20:49:45][FYI] Processing Table 061 of 064: [APPPUB].[T_MASTER_PORTFOLIO_STATISTIC]
[2018-11-04 20:49:45][FYI] Individual DDL File: ./Work/INIT_APP_FOR_CLIENT_HIST.APPPUB.T_MASTER_PORTFOLIO_STATISTIC.sql
[2018-11-04 20:49:45][FYI] 	Column 001: CADIS_ID (Key.1)
[2018-11-04 20:49:45][FYI] 	Column 002: EFFECTIVE_DATE (Key.2)
[2018-11-04 20:49:45][FYI] 	Column 003: DATA_SOURCE_ID  
[2018-11-04 20:49:45][FYI] 	Column 004: PORTFOLIO_DATE  
[2018-11-04 20:49:45][FYI] 	Column 005: WEIGHTED_GEOMETRIC_MARKET_CAP  
[2018-11-04 20:49:45][FYI] 	Column 006: WEIGHTED_MEDIAN_MARKET_CAP  
[2018-11-04 20:49:45][FYI] 	Column 007: WEIGHTED_MARKET_CAP  
[2018-11-04 20:49:45][FYI] 	Column 008: PRICE_EARNING_FORWARD_RATIO  
[2018-11-04 20:49:45][FYI] 	Column 009: PRICE_BOOK_RATIO  
[2018-11-04 20:49:45][FYI] 	Column 010: ADJ_TRAILING_PRICE_EARNING_RATIO  
[2018-11-04 20:49:45][FYI] 	Column 011: EARNING_GROWTH_RATE_3_YEAR  
[2018-11-04 20:49:45][FYI] 	Column 012: EARNING_GROWTH_RATE_5_YEAR  
[2018-11-04 20:49:45][FYI] 	Column 013: EFFECTIVE_DURATION  
[2018-11-04 20:49:45][FYI] 	Column 014: AVERAGE_MATURITY  
[2018-11-04 20:49:45][FYI] 	Column 015: PORTFOLIO_TURNOVER  
[2018-11-04 20:49:45][FYI] 	Column 016: YIELD_TO_WORST  
[2018-11-04 20:49:45][FYI] 	Column 017: MODIFIED_DURATION  
[2018-11-04 20:49:45][FYI] 	Column 018: DECLARED_RATE  
[2018-11-04 20:49:45][FYI] 	Column 019: AVERAGE_CREDIT_QUALITY  
[2018-11-04 20:49:45][FYI] 	Column 020: AVERAGE_WEIGHTED_COUPON  
[2018-11-04 20:49:45][FYI] 	Column 021: YIELD_TO_MATURITY  
[2018-11-04 20:49:45][FYI] 	Column 022: CURRENT_YIELD  
[2018-11-04 20:49:45][FYI] 	Column 023: PORTFOLIO_WEIGHTING  
[2018-11-04 20:49:45][FYI] 	Column 024: DIVIDEND_YIELD  
[2018-11-04 20:49:45][FYI] 	Column 025: NOMINAL_YIELD  
[2018-11-04 20:49:45][FYI] 	Column 026: SUB_ADVISOR_COMPANY_NAME  
[2018-11-04 20:49:45][FYI] 	Column 027: RATING_3_YEAR  
[2018-11-04 20:49:45][FYI] 	Column 028: RATING_5_YEAR  
[2018-11-04 20:49:45][FYI] 	Column 029: RATING_10_YEAR  
[2018-11-04 20:49:45][FYI] 	Column 030: OVERALL_MSTAR_RATING  
[2018-11-04 20:49:45][FYI] 	Column 031: INVESTMENT_RANK  
[2018-11-04 20:49:45][FYI] 	Column 032: RETURN_ON_EQUITY  
[2018-11-04 20:49:45][FYI] 	Column 033: STRATEGY_ASSET_AMOUNT  
[2018-11-04 20:49:45][FYI] 	Column 034: HIGH_VALUE_52_WEEK  
[2018-11-04 20:49:45][FYI] 	Column 035: LOW_VALUE_52_WEEK  
[2018-11-04 20:49:45][FYI] 	Column 036: HIGH_VALUE_52_WEEK_DATE  
[2018-11-04 20:49:45][FYI] 	Column 037: LOW_VALUE_52_WEEK_DATE  
[2018-11-04 20:49:45][FYI] 	Column 038: LAST_ACTIVITY_OPERATOR_ID  
[2018-11-04 20:49:45][FYI] 	Column 039: LAST_ACTIVITY_DATETIME  
[2018-11-04 20:49:45][FYI] 	Column 040: ADVISOR_COMPANY_NAME  
[2018-11-04 20:49:45][FYI] 	Column 041: CREDIT_QUALITY_DATE  
[2018-11-04 20:49:45][FYI] 	Column 042: RATING_AGENCY_NAME  
[2018-11-04 20:49:45][FYI] 	Column 043: AVERAGE_EFFECTIVE_DURATION  
[2018-11-04 20:49:45][FYI] 	Column 044: TOTAL_HIGH_YIELD_EXPOSURE  
[2018-11-04 20:49:45][FYI] 	Column 045: EMERGING_MARKET_EXPOSURE  
[2018-11-04 20:49:45][FYI] 	Column 046: MEDIAN_MARKET_CAP  
[2018-11-04 20:49:45][FYI] Processing Table 062 of 064: [APPPUB].[T_MASTER_PRICE_STRUCTURE_FOOTNOTE_DISCLOSURE]
[2018-11-04 20:49:45][FYI] Individual DDL File: ./Work/INIT_APP_FOR_CLIENT_HIST.APPPUB.T_MASTER_PRICE_STRUCTURE_FOOTNOTE_DISCLOSURE.sql
[2018-11-04 20:49:45][FYI] 	Column 001: APP_PRICE_ID (Key.1)
[2018-11-04 20:49:45][FYI] 	Column 002: TEXT_ID (Key.2)
[2018-11-04 20:49:45][FYI] 	Column 003: EFFECTIVE_DATE (Key.3)
[2018-11-04 20:49:45][FYI] 	Column 004: CADIS_ID  
[2018-11-04 20:49:45][FYI] 	Column 005: INDICATOR_404A  
[2018-11-04 20:49:45][FYI] 	Column 006: LAST_ACTIVITY_OPERATOR_ID  
[2018-11-04 20:49:45][FYI] 	Column 007: LAST_ACTIVITY_DATETIME  
[2018-11-04 20:49:45][FYI] 	Column 008: SORT_ORDER  
[2018-11-04 20:49:45][FYI] Processing Table 063 of 064: [APPPUB].[T_MASTER_REGION_BREAKDOWN]
[2018-11-04 20:49:45][FYI] Individual DDL File: ./Work/INIT_APP_FOR_CLIENT_HIST.APPPUB.T_MASTER_REGION_BREAKDOWN.sql
[2018-11-04 20:49:45][FYI] 	Column 001: CADIS_ID (Key.1)
[2018-11-04 20:49:45][FYI] 	Column 002: SUPER_REGION_NAME (Key.2)
[2018-11-04 20:49:45][FYI] 	Column 003: EFFECTIVE_DATE (Key.3)
[2018-11-04 20:49:45][FYI] 	Column 004: DATA_SOURCE_ID  
[2018-11-04 20:49:45][FYI] 	Column 005: WEIGHTING  
[2018-11-04 20:49:45][FYI] 	Column 006: SORT_ORDER  
[2018-11-04 20:49:45][FYI] 	Column 007: LAST_ACTIVITY_OPERATOR_ID  
[2018-11-04 20:49:45][FYI] 	Column 008: LAST_ACTIVITY_DATETIME  
[2018-11-04 20:49:45][FYI] Processing Table 064 of 064: [APPPUB].[T_MASTER_STOCK_SECTOR_BREAKDOWN]
[2018-11-04 20:49:45][FYI] Individual DDL File: ./Work/INIT_APP_FOR_CLIENT_HIST.APPPUB.T_MASTER_STOCK_SECTOR_BREAKDOWN.sql
[2018-11-04 20:49:45][FYI] 	Column 001: CADIS_ID (Key.1)
[2018-11-04 20:49:45][FYI] 	Column 002: STOCK_SECTOR_NAME (Key.2)
[2018-11-04 20:49:45][FYI] 	Column 003: EFFECTIVE_DATE (Key.3)
[2018-11-04 20:49:45][FYI] 	Column 004: DATA_SOURCE_ID  
[2018-11-04 20:49:45][FYI] 	Column 005: WEIGHTING  
[2018-11-04 20:49:45][FYI] 	Column 006: SORT_ORDER  
[2018-11-04 20:49:45][FYI] 	Column 007: LAST_ACTIVITY_OPERATOR_ID  
[2018-11-04 20:49:45][FYI] 	Column 008: LAST_ACTIVITY_DATETIME  
<EOL>

